Building...
[Config] Using SQL Server: localhost\SQLEXPRESS/ticketing_system
warn: Microsoft.EntityFrameworkCore.Model.Validation[10622]
      Entity 'Application' has a global query filter defined and is the required end of a relationship with the entity 'ApplicationAssignment'. This may lead to unexpected results when the required entity is filtered out. Either configure the navigation as optional, or define matching query filters for both entities in the navigation. See https://go.microsoft.com/fwlink/?linkid=2131316 for more information.
warn: Microsoft.EntityFrameworkCore.Model.Validation[10622]
      Entity 'User' has a global query filter defined and is the required end of a relationship with the entity 'Notification'. This may lead to unexpected results when the required entity is filtered out. Either configure the navigation as optional, or define matching query filters for both entities in the navigation. See https://go.microsoft.com/fwlink/?linkid=2131316 for more information.
warn: Microsoft.EntityFrameworkCore.Model.Validation[10622]
      Entity 'Application' has a global query filter defined and is the required end of a relationship with the entity 'Ticket'. This may lead to unexpected results when the required entity is filtered out. Either configure the navigation as optional, or define matching query filters for both entities in the navigation. See https://go.microsoft.com/fwlink/?linkid=2131316 for more information.
warn: Microsoft.EntityFrameworkCore.Model.Validation[10622]
      Entity 'User' has a global query filter defined and is the required end of a relationship with the entity 'TicketCorrectiveAction'. This may lead to unexpected results when the required entity is filtered out. Either configure the navigation as optional, or define matching query filters for both entities in the navigation. See https://go.microsoft.com/fwlink/?linkid=2131316 for more information.
warn: Microsoft.EntityFrameworkCore.Model.Validation[10622]
      Entity 'TicketStatus' has a global query filter defined and is the required end of a relationship with the entity 'TicketStatusHistory'. This may lead to unexpected results when the required entity is filtered out. Either configure the navigation as optional, or define matching query filters for both entities in the navigation. See https://go.microsoft.com/fwlink/?linkid=2131316 for more information.
info: Microsoft.EntityFrameworkCore.Database.Command[20101]
      Executed DbCommand (72ms) [Parameters=[], CommandType='Text', CommandTimeout='30']
      SELECT 1
info: Microsoft.EntityFrameworkCore.Database.Command[20101]
      Executed DbCommand (173ms) [Parameters=[], CommandType='Text', CommandTimeout='30']
      SELECT OBJECT_ID(N'[__EFMigrationsHistory]');
info: Microsoft.EntityFrameworkCore.Database.Command[20101]
      Executed DbCommand (1ms) [Parameters=[], CommandType='Text', CommandTimeout='30']
      SELECT 1
info: Microsoft.EntityFrameworkCore.Database.Command[20101]
      Executed DbCommand (1ms) [Parameters=[], CommandType='Text', CommandTimeout='30']
      SELECT OBJECT_ID(N'[__EFMigrationsHistory]');
info: Microsoft.EntityFrameworkCore.Database.Command[20101]
      Executed DbCommand (267ms) [Parameters=[], CommandType='Text', CommandTimeout='30']
      SELECT [MigrationId], [ProductVersion]
      FROM [__EFMigrationsHistory]
      ORDER BY [MigrationId];
info: Microsoft.EntityFrameworkCore.Migrations[20405]
      No migrations were applied. The database is already up to date.
info: Microsoft.EntityFrameworkCore.Database.Command[20101]
      Executed DbCommand (72ms) [Parameters=[], CommandType='Text', CommandTimeout='30']
      SELECT CASE
          WHEN EXISTS (
              SELECT 1
              FROM [Roles] AS [r]
              WHERE [r].[IsActive] = CAST(1 AS bit)) THEN CAST(1 AS bit)
          ELSE CAST(0 AS bit)
      END
info: Microsoft.EntityFrameworkCore.Database.Command[20101]
      Executed DbCommand (24ms) [Parameters=[], CommandType='Text', CommandTimeout='30']
      SELECT CASE
          WHEN EXISTS (
              SELECT 1
              FROM [TicketStatuses] AS [t]
              WHERE [t].[IsActive] = CAST(1 AS bit)) THEN CAST(1 AS bit)
          ELSE CAST(0 AS bit)
      END
info: Microsoft.EntityFrameworkCore.Database.Command[20101]
      Executed DbCommand (359ms) [Parameters=[], CommandType='Text', CommandTimeout='30']
      
            IF NOT EXISTS (SELECT * FROM sys.sequences WHERE name = 'TicketSequence')
                CREATE SEQUENCE TicketSequence
                    START WITH 1001
                    INCREMENT BY 1
                    NO CYCLE;
info: Microsoft.EntityFrameworkCore.Database.Command[20101]
      Executed DbCommand (186ms) [Parameters=[], CommandType='Text', CommandTimeout='30']
      SELECT CASE
          WHEN EXISTS (
              SELECT 1
              FROM [Departments] AS [d]) THEN CAST(1 AS bit)
          ELSE CAST(0 AS bit)
      END
info: Microsoft.EntityFrameworkCore.Database.Command[20101]
      Executed DbCommand (145ms) [Parameters=[], CommandType='Text', CommandTimeout='30']
      SELECT CASE
          WHEN EXISTS (
              SELECT 1
              FROM [Applications] AS [a]
              WHERE [a].[IsActive] = CAST(1 AS bit) AND [a].[Name] = N'Unknown') THEN CAST(1 AS bit)
          ELSE CAST(0 AS bit)
      END
info: Microsoft.EntityFrameworkCore.Database.Command[20101]
      Executed DbCommand (57ms) [Parameters=[@p0='?' (DbType = DateTime2), @p1='?' (Size = 100), @p2='?' (DbType = DateTime2)], CommandType='Text', CommandTimeout='30']
      SET IMPLICIT_TRANSACTIONS OFF;
      SET NOCOUNT ON;
      INSERT INTO [Applications] ([CreatedAt], [Name], [UpdatedAt])
      OUTPUT INSERTED.[Id], INSERTED.[IsActive]
      VALUES (@p0, @p1, @p2);
info: Microsoft.EntityFrameworkCore.Database.Command[20101]
      Executed DbCommand (49ms) [Parameters=[], CommandType='Text', CommandTimeout='30']
      SELECT CASE
          WHEN EXISTS (
              SELECT 1
              FROM [Users] AS [u]
              WHERE [u].[IsActive] = CAST(1 AS bit) AND [u].[Email] = N'admin@ticketingsystem.com') THEN CAST(1 AS bit)
          ELSE CAST(0 AS bit)
      END
info: TicketSystem.Api.Services.EmailReceiverService[0]
      EmailReceiverService started. Polling interval: 60s
info: Microsoft.Hosting.Lifetime[14]
      Now listening on: http://localhost:5001
info: Microsoft.Hosting.Lifetime[0]
      Application started. Press Ctrl+C to shut down.
info: Microsoft.Hosting.Lifetime[0]
      Hosting environment: Development
info: Microsoft.Hosting.Lifetime[0]
      Content root path: D:\DOWNLOADS\6th sem\LNT_\Ticketin System\backend\TicketSystem.Api
info: TicketSystem.Api.Services.EmailReceiverService[0]
      Connected to IMAP server imap.gmail.com:993
info: TicketSystem.Api.Services.EmailReceiverService[0]
      Connected to IMAP server imap.gmail.com:993
info: Microsoft.EntityFrameworkCore.Database.Command[20101]
      Executed DbCommand (1,059ms) [Parameters=[@__request_Email_0='?' (Size = 255)], CommandType='Text', CommandTimeout='30']
      SELECT TOP(1) [u].[Id], [u].[CreatedAt], [u].[DepartmentId], [u].[Email], [u].[EmployeeId], [u].[FullName], [u].[IsActive], [u].[LastLoginAt], [u].[PasswordHash], [u].[RefreshToken], [u].[RefreshTokenExpiry], [u].[RoleId], [u].[UpdatedAt], [t].[Id], [t].[CreatedAt], [t].[Description], [t].[IsActive], [t].[Name], [d].[Id], [d].[CreatedAt], [d].[HeadName], [d].[IsActive], [d].[Name], [d].[UpdatedAt]
      FROM [Users] AS [u]
      INNER JOIN (
          SELECT [r].[Id], [r].[CreatedAt], [r].[Description], [r].[IsActive], [r].[Name]
          FROM [Roles] AS [r]
          WHERE [r].[IsActive] = CAST(1 AS bit)
      ) AS [t] ON [u].[RoleId] = [t].[Id]
      INNER JOIN [Departments] AS [d] ON [u].[DepartmentId] = [d].[Id]
      WHERE [u].[IsActive] = CAST(1 AS bit) AND [u].[Email] = @__request_Email_0 AND [u].[IsActive] = CAST(1 AS bit)
info: Microsoft.EntityFrameworkCore.Database.Command[20101]
      Executed DbCommand (191ms) [Parameters=[@p12='?' (DbType = Int32), @p0='?' (DbType = DateTime2), @p1='?' (DbType = Int32), @p2='?' (Size = 255), @p3='?' (Size = 20), @p4='?' (Size = 100), @p5='?' (DbType = Boolean), @p6='?' (DbType = DateTime2), @p7='?' (Size = 500), @p8='?' (Size = 500), @p9='?' (DbType = DateTime2), @p10='?' (DbType = Int32), @p11='?' (DbType = DateTime2)], CommandType='Text', CommandTimeout='30']
      SET IMPLICIT_TRANSACTIONS OFF;
      SET NOCOUNT ON;
      UPDATE [Users] SET [CreatedAt] = @p0, [DepartmentId] = @p1, [Email] = @p2, [EmployeeId] = @p3, [FullName] = @p4, [IsActive] = @p5, [LastLoginAt] = @p6, [PasswordHash] = @p7, [RefreshToken] = @p8, [RefreshTokenExpiry] = @p9, [RoleId] = @p10, [UpdatedAt] = @p11
      OUTPUT 1
      WHERE [Id] = @p12;
info: Microsoft.EntityFrameworkCore.Database.Command[20101]
      Executed DbCommand (64ms) [Parameters=[@p12='?' (DbType = Int32), @p0='?' (DbType = DateTime2), @p1='?' (DbType = Int32), @p2='?' (Size = 255), @p3='?' (Size = 20), @p4='?' (Size = 100), @p5='?' (DbType = Boolean), @p6='?' (DbType = DateTime2), @p7='?' (Size = 500), @p8='?' (Size = 500), @p9='?' (DbType = DateTime2), @p10='?' (DbType = Int32), @p11='?' (DbType = DateTime2)], CommandType='Text', CommandTimeout='30']
      SET IMPLICIT_TRANSACTIONS OFF;
      SET NOCOUNT ON;
      UPDATE [Users] SET [CreatedAt] = @p0, [DepartmentId] = @p1, [Email] = @p2, [EmployeeId] = @p3, [FullName] = @p4, [IsActive] = @p5, [LastLoginAt] = @p6, [PasswordHash] = @p7, [RefreshToken] = @p8, [RefreshTokenExpiry] = @p9, [RoleId] = @p10, [UpdatedAt] = @p11
      OUTPUT 1
      WHERE [Id] = @p12;
info: Microsoft.EntityFrameworkCore.Database.Command[20101]
      Executed DbCommand (45ms) [Parameters=[], CommandType='Text', CommandTimeout='30']
      SELECT COUNT(*)
      FROM [Applications] AS [a]
info: Microsoft.EntityFrameworkCore.Database.Command[20101]
      Executed DbCommand (259ms) [Parameters=[@__p_0='?' (DbType = Int32), @__p_1='?' (DbType = Int32)], CommandType='Text', CommandTimeout='30']
      SELECT [t].[Id], [t].[Name], [t].[IsActive], [t].[c], [t].[CreatedAt], [t].[UpdatedAt], [t0].[Id], [t0].[FullName], [t0].[RoleName], [t0].[IsPrimarySPOC], [t0].[Id0], [t0].[Id1], [t0].[Id2]
      FROM (
          SELECT [a].[Id], [a].[Name], [a].[IsActive], (
              SELECT COUNT(*)
              FROM [ApplicationAssignments] AS [a0]
              INNER JOIN [Users] AS [u] ON [a0].[UserId] = [u].[Id]
              WHERE [a].[Id] = [a0].[ApplicationId] AND [u].[IsActive] = CAST(1 AS bit)) AS [c], [a].[CreatedAt], [a].[UpdatedAt]
          FROM [Applications] AS [a]
          ORDER BY [a].[Name]
          OFFSET @__p_0 ROWS FETCH NEXT @__p_1 ROWS ONLY
      ) AS [t]
      LEFT JOIN (
          SELECT [a1].[UserId] AS [Id], [u0].[FullName], [r].[Name] AS [RoleName], [a1].[IsPrimarySPOC], [a1].[Id] AS [Id0], [u0].[Id] AS [Id1], [r].[Id] AS [Id2], [a1].[ApplicationId]
          FROM [ApplicationAssignments] AS [a1]
          INNER JOIN [Users] AS [u0] ON [a1].[UserId] = [u0].[Id]
          INNER JOIN [Roles] AS [r] ON [u0].[RoleId] = [r].[Id]
          WHERE [u0].[IsActive] = CAST(1 AS bit)
      ) AS [t0] ON [t].[Id] = [t0].[ApplicationId]
      ORDER BY [t].[Name], [t].[Id], [t0].[Id0], [t0].[Id1]
info: Microsoft.EntityFrameworkCore.Database.Command[20101]
      Executed DbCommand (25ms) [Parameters=[@__request_Email_0='?' (Size = 255)], CommandType='Text', CommandTimeout='30']
      SELECT TOP(1) [u].[Id], [u].[CreatedAt], [u].[DepartmentId], [u].[Email], [u].[EmployeeId], [u].[FullName], [u].[IsActive], [u].[LastLoginAt], [u].[PasswordHash], [u].[RefreshToken], [u].[RefreshTokenExpiry], [u].[RoleId], [u].[UpdatedAt], [t].[Id], [t].[CreatedAt], [t].[Description], [t].[IsActive], [t].[Name], [d].[Id], [d].[CreatedAt], [d].[HeadName], [d].[IsActive], [d].[Name], [d].[UpdatedAt]
      FROM [Users] AS [u]
      INNER JOIN (
          SELECT [r].[Id], [r].[CreatedAt], [r].[Description], [r].[IsActive], [r].[Name]
          FROM [Roles] AS [r]
          WHERE [r].[IsActive] = CAST(1 AS bit)
      ) AS [t] ON [u].[RoleId] = [t].[Id]
      INNER JOIN [Departments] AS [d] ON [u].[DepartmentId] = [d].[Id]
      WHERE [u].[IsActive] = CAST(1 AS bit) AND [u].[Email] = @__request_Email_0 AND [u].[IsActive] = CAST(1 AS bit)
info: Microsoft.EntityFrameworkCore.Database.Command[20101]
      Executed DbCommand (24ms) [Parameters=[@p12='?' (DbType = Int32), @p0='?' (DbType = DateTime2), @p1='?' (DbType = Int32), @p2='?' (Size = 255), @p3='?' (Size = 20), @p4='?' (Size = 100), @p5='?' (DbType = Boolean), @p6='?' (DbType = DateTime2), @p7='?' (Size = 500), @p8='?' (Size = 500), @p9='?' (DbType = DateTime2), @p10='?' (DbType = Int32), @p11='?' (DbType = DateTime2)], CommandType='Text', CommandTimeout='30']
      SET IMPLICIT_TRANSACTIONS OFF;
      SET NOCOUNT ON;
      UPDATE [Users] SET [CreatedAt] = @p0, [DepartmentId] = @p1, [Email] = @p2, [EmployeeId] = @p3, [FullName] = @p4, [IsActive] = @p5, [LastLoginAt] = @p6, [PasswordHash] = @p7, [RefreshToken] = @p8, [RefreshTokenExpiry] = @p9, [RoleId] = @p10, [UpdatedAt] = @p11
      OUTPUT 1
      WHERE [Id] = @p12;
info: Microsoft.EntityFrameworkCore.Database.Command[20101]
      Executed DbCommand (2ms) [Parameters=[@p12='?' (DbType = Int32), @p0='?' (DbType = DateTime2), @p1='?' (DbType = Int32), @p2='?' (Size = 255), @p3='?' (Size = 20), @p4='?' (Size = 100), @p5='?' (DbType = Boolean), @p6='?' (DbType = DateTime2), @p7='?' (Size = 500), @p8='?' (Size = 500), @p9='?' (DbType = DateTime2), @p10='?' (DbType = Int32), @p11='?' (DbType = DateTime2)], CommandType='Text', CommandTimeout='30']
      SET IMPLICIT_TRANSACTIONS OFF;
      SET NOCOUNT ON;
      UPDATE [Users] SET [CreatedAt] = @p0, [DepartmentId] = @p1, [Email] = @p2, [EmployeeId] = @p3, [FullName] = @p4, [IsActive] = @p5, [LastLoginAt] = @p6, [PasswordHash] = @p7, [RefreshToken] = @p8, [RefreshTokenExpiry] = @p9, [RoleId] = @p10, [UpdatedAt] = @p11
      OUTPUT 1
      WHERE [Id] = @p12;
info: Microsoft.EntityFrameworkCore.Database.Command[20101]
      Executed DbCommand (128ms) [Parameters=[@__ticketId_0='?' (DbType = Int32)], CommandType='Text', CommandTimeout='30']
      SELECT TOP(1) [t].[Id], [t].[ApplicationId], [t].[AssignedToUserId], [t].[ClosedAt], [t].[CreatedAt], [t].[Description], [t].[Priority], [t].[RequesterId], [t].[ResolvedAt], [t].[SlaBreachedAt], [t].[SlaDeadline], [t].[StatusId], [t].[Subject], [t].[TicketNumber], [t].[UpdatedAt], [r].[Id], [r].[Company], [r].[CreatedAt], [r].[Email], [r].[FullName], [r].[UpdatedAt], [t0].[Id], [t0].[CreatedAt], [t0].[DepartmentId], [t0].[Email], [t0].[EmployeeId], [t0].[FullName], [t0].[IsActive], [t0].[LastLoginAt], [t0].[PasswordHash], [t0].[RefreshToken], [t0].[RefreshTokenExpiry], [t0].[RoleId], [t0].[UpdatedAt]
      FROM [Tickets] AS [t]
      INNER JOIN [Requesters] AS [r] ON [t].[RequesterId] = [r].[Id]
      LEFT JOIN (
          SELECT [u].[Id], [u].[CreatedAt], [u].[DepartmentId], [u].[Email], [u].[EmployeeId], [u].[FullName], [u].[IsActive], [u].[LastLoginAt], [u].[PasswordHash], [u].[RefreshToken], [u].[RefreshTokenExpiry], [u].[RoleId], [u].[UpdatedAt]
          FROM [Users] AS [u]
          WHERE [u].[IsActive] = CAST(1 AS bit)
      ) AS [t0] ON [t].[AssignedToUserId] = [t0].[Id]
      WHERE [t].[Id] = @__ticketId_0
info: Microsoft.EntityFrameworkCore.Database.Command[20101]
      Executed DbCommand (14ms) [Parameters=[@__p_0='?' (DbType = Int32)], CommandType='Text', CommandTimeout='30']
      SELECT TOP(1) [u].[Id], [u].[CreatedAt], [u].[DepartmentId], [u].[Email], [u].[EmployeeId], [u].[FullName], [u].[IsActive], [u].[LastLoginAt], [u].[PasswordHash], [u].[RefreshToken], [u].[RefreshTokenExpiry], [u].[RoleId], [u].[UpdatedAt]
      FROM [Users] AS [u]
      WHERE [u].[IsActive] = CAST(1 AS bit) AND [u].[Id] = @__p_0
info: Microsoft.EntityFrameworkCore.Database.Command[20101]
      Executed DbCommand (271ms) [Parameters=[@p0='?' (Size = 4000), @p1='?' (DbType = DateTime2), @p2='?' (Size = 20), @p3='?' (DbType = Int32), @p4='?' (DbType = Int32), @p5='?' (DbType = Int32), @p7='?' (DbType = Int32), @p6='?' (DbType = DateTime2)], CommandType='Text', CommandTimeout='30']
      SET NOCOUNT ON;
      INSERT INTO [TicketMessages] ([Content], [CreatedAt], [MessageSourceType], [RequesterId], [TicketId], [UserId])
      OUTPUT INSERTED.[Id], INSERTED.[IsInternal]
      VALUES (@p0, @p1, @p2, @p3, @p4, @p5);
      UPDATE [Tickets] SET [UpdatedAt] = @p6
      OUTPUT 1
      WHERE [Id] = @p7;
info: TicketSystem.Api.Services.EmailService[0]
      SMTP reply sent to priya.sharma@example.com with subject [TKT-1021] Re: High memory consumption in report generation module
info: Microsoft.EntityFrameworkCore.Database.Command[20101]
      Executed DbCommand (269ms) [Parameters=[@p0='?' (DbType = DateTime2), @p1='?' (Size = 10), @p2='?' (Size = 255), @p3='?' (DbType = DateTime2), @p4='?' (Size = 255), @p5='?' (DbType = Int32), @p6='?' (Size = 255), @p7='?' (DbType = DateTime2), @p8='?' (Size = 20), @p9='?' (Size = 500), @p10='?' (DbType = Int32), @p11='?' (DbType = Int32)], CommandType='Text', CommandTimeout='30']
      SET IMPLICIT_TRANSACTIONS OFF;
      SET NOCOUNT ON;
      INSERT INTO [EmailMessages] ([CreatedAt], [Direction], [MessageId], [ReceivedAt], [RecipientEmail], [RequesterId], [SenderEmail], [SentAt], [Status], [Subject], [TicketId], [UserId])
      OUTPUT INSERTED.[Id]
      VALUES (@p0, @p1, @p2, @p3, @p4, @p5, @p6, @p7, @p8, @p9, @p10, @p11);
info: Microsoft.EntityFrameworkCore.Database.Command[20101]
      Executed DbCommand (105ms) [Parameters=[@p0='?' (Size = 100), @p1='?' (DbType = DateTime2), @p2='?' (DbType = Int32), @p3='?' (Size = 50), @p4='?' (Size = 50), @p5='?' (Size = 4000), @p6='?' (Size = 4000), @p7='?' (DbType = Int32), @p8='?' (DbType = Int32)], CommandType='Text', CommandTimeout='30']
      SET IMPLICIT_TRANSACTIONS OFF;
      SET NOCOUNT ON;
      INSERT INTO [AuditLogs] ([Action], [CreatedAt], [EntityId], [EntityType], [IpAddress], [NewValues], [OldValues], [RequesterId], [UserId])
      OUTPUT INSERTED.[Id]
      VALUES (@p0, @p1, @p2, @p3, @p4, @p5, @p6, @p7, @p8);
info: TicketSystem.Api.Controllers.EmailController[0]
      Reply sent to priya.sharma@example.com for ticket TKT-1021
warn: Microsoft.EntityFrameworkCore.Query[20504]
      Compiling a query which loads related collections for more than one collection navigation, either via 'Include' or through projection, but no 'QuerySplittingBehavior' has been configured. By default, Entity Framework will use 'QuerySplittingBehavior.SingleQuery', which can potentially result in slow query performance. See https://go.microsoft.com/fwlink/?linkid=2134277 for more information. To identify the query that's triggering this warning call 'ConfigureWarnings(w => w.Throw(RelationalEventId.MultipleCollectionIncludeWarning))'.
info: Microsoft.EntityFrameworkCore.Database.Command[20101]
      Executed DbCommand (583ms) [Parameters=[@__id_0='?' (DbType = Int32)], CommandType='Text', CommandTimeout='30']
      SELECT [t4].[Id], [t4].[TicketNumber], [t4].[Subject], [t4].[Description], [t4].[StatusId], [t4].[Name], [t4].[DisplayName], [t4].[Color], [t4].[Priority], [t4].[RequesterId], [t4].[FullName], [t4].[Email], [t4].[ApplicationId], [t4].[Name0], [t4].[c], [t4].[AssignedToUserId], [t4].[FullName0], [t4].[Name1], [t4].[SlaDeadline], [t4].[SlaBreachedAt], [t4].[ResolvedAt], [t4].[ClosedAt], [t4].[CreatedAt], [t4].[UpdatedAt], [t4].[Id0], [t4].[Id1], [t4].[Id2], [t4].[Id3], [t4].[Id4], [t5].[Id], [t5].[Content], [t5].[IsInternal], [t5].[c], [t5].[c0], [t5].[c1], [t5].[CreatedAt], [t5].[Id0], [t5].[Id1], [t5].[Id2], [t5].[FileName], [t5].[ContentType], [t5].[FileSize], [t9].[Id], [t9].[FromStatus], [t9].[ToStatus], [t9].[ChangedById], [t9].[ChangedByName], [t9].[Note], [t9].[CreatedAt], [t9].[Id0], [t9].[Id1], [t9].[Id2], [t9].[Id3], [t16].[Id], [t16].[Description], [t16].[CreatedByName], [t16].[CreatedAt], [t16].[Id0]
      FROM (
          SELECT TOP(1) [t].[Id], [t].[TicketNumber], [t].[Subject], [t].[Description], [t].[StatusId], [t0].[Name], [t0].[DisplayName], [t0].[Color], [t].[Priority], [t].[RequesterId], [r].[FullName], [r].[Email], [t].[ApplicationId], [t2].[Name] AS [Name0], CASE
              WHEN CAST(LEN([t2].[Name]) AS int) > 10 THEN REPLACE(UPPER(SUBSTRING([t2].[Name], 0 + 1, 10)), N' ', N'')
              ELSE REPLACE(UPPER([t2].[Name]), N' ', N'')
          END AS [c], [t].[AssignedToUserId], [t3].[FullName] AS [FullName0], [d].[Name] AS [Name1], [t].[SlaDeadline], [t].[SlaBreachedAt], [t].[ResolvedAt], [t].[ClosedAt], [t].[CreatedAt], [t].[UpdatedAt], [t0].[Id] AS [Id0], [r].[Id] AS [Id1], [t2].[Id] AS [Id2], [t3].[Id] AS [Id3], [d].[Id] AS [Id4]
          FROM [Tickets] AS [t]
          INNER JOIN (
              SELECT [t1].[Id], [t1].[Color], [t1].[DisplayName], [t1].[Name]
              FROM [TicketStatuses] AS [t1]
              WHERE [t1].[IsActive] = CAST(1 AS bit)
          ) AS [t0] ON [t].[StatusId] = [t0].[Id]
          INNER JOIN [Requesters] AS [r] ON [t].[RequesterId] = [r].[Id]
          INNER JOIN (
              SELECT [a].[Id], [a].[Name]
              FROM [Applications] AS [a]
              WHERE [a].[IsActive] = CAST(1 AS bit)
          ) AS [t2] ON [t].[ApplicationId] = [t2].[Id]
          LEFT JOIN (
              SELECT [u].[Id], [u].[DepartmentId], [u].[FullName]
              FROM [Users] AS [u]
              WHERE [u].[IsActive] = CAST(1 AS bit)
          ) AS [t3] ON [t].[AssignedToUserId] = [t3].[Id]
          LEFT JOIN [Departments] AS [d] ON [t3].[DepartmentId] = [d].[Id]
          WHERE [t].[Id] = @__id_0
      ) AS [t4]
      LEFT JOIN (
          SELECT [t6].[Id], [t6].[Content], [t6].[IsInternal], CASE
              WHEN [t6].[RequesterId] IS NOT NULL THEN CAST(1 AS bit)
              ELSE CAST(0 AS bit)
          END AS [c], COALESCE([t6].[UserId], 0) AS [c0], CASE
              WHEN [t7].[Id] IS NOT NULL THEN [t7].[FullName]
              WHEN [r0].[Id] IS NOT NULL THEN [r0].[FullName]
              ELSE N'System'
          END AS [c1], [t6].[CreatedAt], [t7].[Id] AS [Id0], [r0].[Id] AS [Id1], [t8].[Id] AS [Id2], [t8].[FileName], [t8].[ContentType], [t8].[FileSize], [t6].[TicketId]
          FROM [TicketMessages] AS [t6]
          LEFT JOIN (
              SELECT [u0].[Id], [u0].[FullName]
              FROM [Users] AS [u0]
              WHERE [u0].[IsActive] = CAST(1 AS bit)
          ) AS [t7] ON [t6].[UserId] = [t7].[Id]
          LEFT JOIN [Requesters] AS [r0] ON [t6].[RequesterId] = [r0].[Id]
          LEFT JOIN [TicketAttachments] AS [t8] ON [t6].[Id] = [t8].[TicketMessageId]
      ) AS [t5] ON [t4].[Id] = [t5].[TicketId]
      LEFT JOIN (
          SELECT [t10].[Id], [t11].[Name] AS [FromStatus], [t12].[Name] AS [ToStatus], COALESCE([t10].[ChangedByUserId], 0) AS [ChangedById], CASE
              WHEN [t13].[Id] IS NOT NULL THEN [t13].[FullName]
              WHEN [r1].[Id] IS NOT NULL THEN [r1].[FullName]
              ELSE N'System'
          END AS [ChangedByName], [t10].[Remarks] AS [Note], [t10].[CreatedAt], [t11].[Id] AS [Id0], [t12].[Id] AS [Id1], [t13].[Id] AS [Id2], [r1].[Id] AS [Id3], [t10].[TicketId]
          FROM [TicketStatusHistory] AS [t10]
          LEFT JOIN (
              SELECT [t14].[Id], [t14].[Name]
              FROM [TicketStatuses] AS [t14]
              WHERE [t14].[IsActive] = CAST(1 AS bit)
          ) AS [t11] ON [t10].[FromStatusId] = [t11].[Id]
          INNER JOIN (
              SELECT [t15].[Id], [t15].[Name]
              FROM [TicketStatuses] AS [t15]
              WHERE [t15].[IsActive] = CAST(1 AS bit)
          ) AS [t12] ON [t10].[ToStatusId] = [t12].[Id]
          LEFT JOIN (
              SELECT [u1].[Id], [u1].[FullName]
              FROM [Users] AS [u1]
              WHERE [u1].[IsActive] = CAST(1 AS bit)
          ) AS [t13] ON [t10].[ChangedByUserId] = [t13].[Id]
          LEFT JOIN [Requesters] AS [r1] ON [t10].[ChangedByRequesterId] = [r1].[Id]
      ) AS [t9] ON [t4].[Id] = [t9].[TicketId]
      LEFT JOIN (
          SELECT [t17].[Id], [t17].[Description], [t18].[FullName] AS [CreatedByName], [t17].[CreatedAt], [t18].[Id] AS [Id0], [t17].[TicketId]
          FROM [TicketCorrectiveActions] AS [t17]
          INNER JOIN (
              SELECT [u2].[Id], [u2].[FullName]
              FROM [Users] AS [u2]
              WHERE [u2].[IsActive] = CAST(1 AS bit)
          ) AS [t18] ON [t17].[PerformedByUserId] = [t18].[Id]
      ) AS [t16] ON [t4].[Id] = [t16].[TicketId]
      ORDER BY [t4].[Id], [t4].[Id0], [t4].[Id1], [t4].[Id2], [t4].[Id3], [t4].[Id4], [t5].[CreatedAt], [t5].[Id], [t5].[Id0], [t5].[Id1], [t5].[Id2], [t9].[CreatedAt], [t9].[Id], [t9].[Id0], [t9].[Id1], [t9].[Id2], [t9].[Id3], [t16].[Id]
info: Microsoft.EntityFrameworkCore.Database.Command[20101]
      Executed DbCommand (67ms) [Parameters=[@__userId_0='?' (DbType = Int32)], CommandType='Text', CommandTimeout='30']
      SELECT COUNT(*)
      FROM [Notifications] AS [n]
      WHERE [n].[UserId] = @__userId_0
info: Microsoft.EntityFrameworkCore.Database.Command[20101]
      Executed DbCommand (17ms) [Parameters=[@__userId_0='?' (DbType = Int32)], CommandType='Text', CommandTimeout='30']
      SELECT COUNT(*)
      FROM [Notifications] AS [n]
      WHERE [n].[UserId] = @__userId_0 AND [n].[IsRead] = CAST(0 AS bit)
info: Microsoft.EntityFrameworkCore.Database.Command[20101]
      Executed DbCommand (21ms) [Parameters=[@__userId_0='?' (DbType = Int32), @__p_1='?' (DbType = Int32), @__p_2='?' (DbType = Int32)], CommandType='Text', CommandTimeout='30']
      SELECT [t].[Id], [t].[UserId], [t].[TicketId], [t0].[TicketNumber], [t].[Type], [t].[Title], [t].[Message], [t].[IsRead], [t].[CreatedAt]
      FROM (
          SELECT [n].[Id], [n].[CreatedAt], [n].[IsRead], [n].[Message], [n].[TicketId], [n].[Title], [n].[Type], [n].[UserId]
          FROM [Notifications] AS [n]
          WHERE [n].[UserId] = @__userId_0
          ORDER BY [n].[CreatedAt] DESC
          OFFSET @__p_1 ROWS FETCH NEXT @__p_2 ROWS ONLY
      ) AS [t]
      LEFT JOIN [Tickets] AS [t0] ON [t].[TicketId] = [t0].[Id]
      ORDER BY [t].[CreatedAt] DESC
info: TicketSystem.Api.Services.EmailReceiverService[0]
      Connected to IMAP server imap.gmail.com:993
info: TicketSystem.Api.Services.EmailReceiverService[0]
      Found 1 unread email(s)
info: TicketSystem.Api.Services.EmailReceiverService[0]
      Processing email from mailer-daemon@googlemail.com: Delivery Status Notification (Failure) (MessageId=6a3cce26.92c6249e.ab512.1cb3.GMR@mx.google.com)
info: Microsoft.EntityFrameworkCore.Database.Command[20101]
      Executed DbCommand (111ms) [Parameters=[@__messageId_0='?' (Size = 255)], CommandType='Text', CommandTimeout='30']
      SELECT TOP(1) [e].[Id], [e].[CreatedAt], [e].[Direction], [e].[MessageId], [e].[ReceivedAt], [e].[RecipientEmail], [e].[RequesterId], [e].[SenderEmail], [e].[SentAt], [e].[Status], [e].[Subject], [e].[TicketId], [e].[UserId]
      FROM [EmailMessages] AS [e]
      WHERE [e].[MessageId] = @__messageId_0
info: Microsoft.EntityFrameworkCore.Database.Command[20101]
      Executed DbCommand (18ms) [Parameters=[@p0='?' (DbType = DateTime2), @p1='?' (Size = 10), @p2='?' (Size = 255), @p3='?' (DbType = DateTime2), @p4='?' (Size = 255), @p5='?' (DbType = Int32), @p6='?' (Size = 255), @p7='?' (DbType = DateTime2), @p8='?' (Size = 20), @p9='?' (Size = 500), @p10='?' (DbType = Int32), @p11='?' (DbType = Int32)], CommandType='Text', CommandTimeout='30']
      SET IMPLICIT_TRANSACTIONS OFF;
      SET NOCOUNT ON;
      INSERT INTO [EmailMessages] ([CreatedAt], [Direction], [MessageId], [ReceivedAt], [RecipientEmail], [RequesterId], [SenderEmail], [SentAt], [Status], [Subject], [TicketId], [UserId])
      OUTPUT INSERTED.[Id]
      VALUES (@p0, @p1, @p2, @p3, @p4, @p5, @p6, @p7, @p8, @p9, @p10, @p11);
info: Microsoft.EntityFrameworkCore.Database.Command[20101]
      Executed DbCommand (11ms) [Parameters=[@p0='?' (Size = 100), @p1='?' (DbType = DateTime2), @p2='?' (DbType = Int32), @p3='?' (Size = 50), @p4='?' (Size = 50), @p5='?' (Size = 4000), @p6='?' (Size = 4000), @p7='?' (DbType = Int32), @p8='?' (DbType = Int32)], CommandType='Text', CommandTimeout='30']
      SET IMPLICIT_TRANSACTIONS OFF;
      SET NOCOUNT ON;
      INSERT INTO [AuditLogs] ([Action], [CreatedAt], [EntityId], [EntityType], [IpAddress], [NewValues], [OldValues], [RequesterId], [UserId])
      OUTPUT INSERTED.[Id]
      VALUES (@p0, @p1, @p2, @p3, @p4, @p5, @p6, @p7, @p8);
info: Microsoft.EntityFrameworkCore.Database.Command[20101]
      Executed DbCommand (21ms) [Parameters=[@__inReplyTo_0='?' (Size = 255)], CommandType='Text', CommandTimeout='30']
      SELECT TOP(1) [e].[Id], [e].[CreatedAt], [e].[Direction], [e].[MessageId], [e].[ReceivedAt], [e].[RecipientEmail], [e].[RequesterId], [e].[SenderEmail], [e].[SentAt], [e].[Status], [e].[Subject], [e].[TicketId], [e].[UserId]
      FROM [EmailMessages] AS [e]
      WHERE [e].[MessageId] = @__inReplyTo_0 AND [e].[TicketId] IS NOT NULL
info: Microsoft.EntityFrameworkCore.Database.Command[20101]
      Executed DbCommand (13ms) [Parameters=[@__refId_0='?' (Size = 255)], CommandType='Text', CommandTimeout='30']
      SELECT TOP(1) [e].[Id], [e].[CreatedAt], [e].[Direction], [e].[MessageId], [e].[ReceivedAt], [e].[RecipientEmail], [e].[RequesterId], [e].[SenderEmail], [e].[SentAt], [e].[Status], [e].[Subject], [e].[TicketId], [e].[UserId]
      FROM [EmailMessages] AS [e]
      WHERE [e].[MessageId] = @__refId_0 AND [e].[TicketId] IS NOT NULL
info: TicketSystem.Api.Services.OcrService[0]
      OCR extraction complete. App=Unknown, Priority=low, Confidence=0.85
info: Microsoft.EntityFrameworkCore.Database.Command[20101]
      Executed DbCommand (17ms) [Parameters=[@p0='?' (Size = 100), @p1='?' (DbType = DateTime2), @p2='?' (DbType = Int32), @p3='?' (Size = 50), @p4='?' (Size = 50), @p5='?' (Size = 4000), @p6='?' (Size = 4000), @p7='?' (DbType = Int32), @p8='?' (DbType = Int32)], CommandType='Text', CommandTimeout='30']
      SET IMPLICIT_TRANSACTIONS OFF;
      SET NOCOUNT ON;
      INSERT INTO [AuditLogs] ([Action], [CreatedAt], [EntityId], [EntityType], [IpAddress], [NewValues], [OldValues], [RequesterId], [UserId])
      OUTPUT INSERTED.[Id]
      VALUES (@p0, @p1, @p2, @p3, @p4, @p5, @p6, @p7, @p8);
info: Microsoft.EntityFrameworkCore.Database.Command[20101]
      Executed DbCommand (104ms) [Parameters=[@__email_0='?' (Size = 255)], CommandType='Text', CommandTimeout='30']
      SELECT TOP(1) [r].[Id], [r].[Company], [r].[CreatedAt], [r].[Email], [r].[FullName], [r].[UpdatedAt]
      FROM [Requesters] AS [r]
      WHERE [r].[Email] = @__email_0
info: Microsoft.EntityFrameworkCore.Database.Command[20101]
      Executed DbCommand (9ms) [Parameters=[@p0='?' (Size = 100), @p1='?' (DbType = DateTime2), @p2='?' (Size = 255), @p3='?' (Size = 100), @p4='?' (DbType = DateTime2)], CommandType='Text', CommandTimeout='30']
      SET IMPLICIT_TRANSACTIONS OFF;
      SET NOCOUNT ON;
      INSERT INTO [Requesters] ([Company], [CreatedAt], [Email], [FullName], [UpdatedAt])
      OUTPUT INSERTED.[Id]
      VALUES (@p0, @p1, @p2, @p3, @p4);
info: TicketSystem.Api.Services.EmailProcessingService[0]
      Created new requester: mailer-daemon@googlemail.com (Id=15)
info: Microsoft.EntityFrameworkCore.Database.Command[20101]
      Executed DbCommand (4ms) [Parameters=[@p0='?' (Size = 100), @p1='?' (DbType = DateTime2), @p2='?' (DbType = Int32), @p3='?' (Size = 50), @p4='?' (Size = 50), @p5='?' (Size = 4000), @p6='?' (Size = 4000), @p7='?' (DbType = Int32), @p8='?' (DbType = Int32)], CommandType='Text', CommandTimeout='30']
      SET IMPLICIT_TRANSACTIONS OFF;
      SET NOCOUNT ON;
      INSERT INTO [AuditLogs] ([Action], [CreatedAt], [EntityId], [EntityType], [IpAddress], [NewValues], [OldValues], [RequesterId], [UserId])
      OUTPUT INSERTED.[Id]
      VALUES (@p0, @p1, @p2, @p3, @p4, @p5, @p6, @p7, @p8);
info: Microsoft.EntityFrameworkCore.Database.Command[20101]
      Executed DbCommand (10ms) [Parameters=[], CommandType='Text', CommandTimeout='30']
      SELECT TOP(1) [a].[Id], [a].[CreatedAt], [a].[IsActive], [a].[Name], [a].[UpdatedAt]
      FROM [Applications] AS [a]
      WHERE [a].[IsActive] = CAST(1 AS bit) AND [a].[Name] = N'Unknown'
info: Microsoft.EntityFrameworkCore.Database.Command[20101]
      Executed DbCommand (125ms) [Parameters=[], CommandType='Text', CommandTimeout='30']
      SELECT NEXT VALUE FOR TicketSequence AS Value
info: Microsoft.EntityFrameworkCore.Database.Command[20101]
      Executed DbCommand (7ms) [Parameters=[], CommandType='Text', CommandTimeout='30']
      SELECT TOP(1) [a].[Id], [a].[CreatedAt], [a].[IsActive], [a].[Name], [a].[UpdatedAt]
      FROM [Applications] AS [a]
      WHERE [a].[IsActive] = CAST(1 AS bit) AND [a].[Name] = N'Unknown'
info: Microsoft.EntityFrameworkCore.Database.Command[20101]
      Executed DbCommand (203ms) [Parameters=[@p0='?' (DbType = Int32), @p1='?' (DbType = Int32), @p2='?' (DbType = DateTime2), @p3='?' (DbType = DateTime2), @p4='?' (Size = 4000), @p5='?' (Size = 20), @p6='?' (DbType = Int32), @p7='?' (DbType = DateTime2), @p8='?' (DbType = DateTime2), @p9='?' (DbType = DateTime2), @p10='?' (DbType = Int32), @p11='?' (Size = 200), @p12='?' (Size = 20), @p13='?' (DbType = DateTime2)], CommandType='Text', CommandTimeout='30']
      SET IMPLICIT_TRANSACTIONS OFF;
      SET NOCOUNT ON;
      INSERT INTO [Tickets] ([ApplicationId], [AssignedToUserId], [ClosedAt], [CreatedAt], [Description], [Priority], [RequesterId], [ResolvedAt], [SlaBreachedAt], [SlaDeadline], [StatusId], [Subject], [TicketNumber], [UpdatedAt])
      OUTPUT INSERTED.[Id]
      VALUES (@p0, @p1, @p2, @p3, @p4, @p5, @p6, @p7, @p8, @p9, @p10, @p11, @p12, @p13);
info: TicketSystem.Api.Services.EmailProcessingService[0]
      Created ticket TKT-1055 for requester mailer-daemon@googlemail.com
info: Microsoft.EntityFrameworkCore.Database.Command[20101]
      Executed DbCommand (18ms) [Parameters=[@p0='?' (Size = 4000), @p1='?' (DbType = DateTime2), @p2='?' (Size = 20), @p3='?' (DbType = Int32), @p4='?' (DbType = Int32), @p5='?' (DbType = Int32)], CommandType='Text', CommandTimeout='30']
      SET IMPLICIT_TRANSACTIONS OFF;
      SET NOCOUNT ON;
      INSERT INTO [TicketMessages] ([Content], [CreatedAt], [MessageSourceType], [RequesterId], [TicketId], [UserId])
      OUTPUT INSERTED.[Id], INSERTED.[IsInternal]
      VALUES (@p0, @p1, @p2, @p3, @p4, @p5);
info: Microsoft.EntityFrameworkCore.Database.Command[20101]
      Executed DbCommand (165ms) [Parameters=[@p0='?' (Size = 100), @p1='?' (DbType = DateTime2), @p2='?' (Size = 8000) (DbType = Binary), @p3='?' (Size = 255), @p4='?' (DbType = Int64), @p5='?' (DbType = Int32), @p6='?' (Size = 100), @p7='?' (DbType = DateTime2), @p8='?' (Size = 8000) (DbType = Binary), @p9='?' (Size = 255), @p10='?' (DbType = Int64), @p11='?' (DbType = Int32)], CommandType='Text', CommandTimeout='30']
      SET IMPLICIT_TRANSACTIONS OFF;
      SET NOCOUNT ON;
      MERGE [TicketAttachments] USING (
      VALUES (@p0, @p1, @p2, @p3, @p4, @p5, 0),
      (@p6, @p7, @p8, @p9, @p10, @p11, 1)) AS i ([ContentType], [CreatedAt], [FileData], [FileName], [FileSize], [TicketMessageId], _Position) ON 1=0
      WHEN NOT MATCHED THEN
      INSERT ([ContentType], [CreatedAt], [FileData], [FileName], [FileSize], [TicketMessageId])
      VALUES (i.[ContentType], i.[CreatedAt], i.[FileData], i.[FileName], i.[FileSize], i.[TicketMessageId])
      OUTPUT INSERTED.[Id], i._Position;
info: Microsoft.EntityFrameworkCore.Database.Command[20101]
      Executed DbCommand (74ms) [Parameters=[@p2='?' (DbType = Int32), @p0='?' (DbType = Int32), @p1='?' (DbType = Int32)], CommandType='Text', CommandTimeout='30']
      SET IMPLICIT_TRANSACTIONS OFF;
      SET NOCOUNT ON;
      UPDATE [EmailMessages] SET [RequesterId] = @p0, [TicketId] = @p1
      OUTPUT 1
      WHERE [Id] = @p2;
info: Microsoft.EntityFrameworkCore.Database.Command[20101]
      Executed DbCommand (115ms) [Parameters=[@p0='?' (DbType = Int32), @p1='?' (DbType = Int32), @p2='?' (DbType = DateTime2), @p3='?' (DbType = Int32), @p4='?' (Size = 500), @p5='?' (DbType = Int32), @p6='?' (DbType = Int32)], CommandType='Text', CommandTimeout='30']
      SET IMPLICIT_TRANSACTIONS OFF;
      SET NOCOUNT ON;
      INSERT INTO [TicketStatusHistory] ([ChangedByRequesterId], [ChangedByUserId], [CreatedAt], [FromStatusId], [Remarks], [TicketId], [ToStatusId])
      OUTPUT INSERTED.[Id]
      VALUES (@p0, @p1, @p2, @p3, @p4, @p5, @p6);
warn: TicketSystem.Api.Services.EmailProcessingService[0]
      No SPOC assigned for ticket TKT-1055 (ApplicationId=85)
info: Microsoft.EntityFrameworkCore.Database.Command[20101]
      Executed DbCommand (15ms) [Parameters=[@p0='?' (Size = 100), @p1='?' (DbType = DateTime2), @p2='?' (DbType = Int32), @p3='?' (Size = 50), @p4='?' (Size = 50), @p5='?' (Size = 4000), @p6='?' (Size = 4000), @p7='?' (DbType = Int32), @p8='?' (DbType = Int32)], CommandType='Text', CommandTimeout='30']
      SET IMPLICIT_TRANSACTIONS OFF;
      SET NOCOUNT ON;
      INSERT INTO [AuditLogs] ([Action], [CreatedAt], [EntityId], [EntityType], [IpAddress], [NewValues], [OldValues], [RequesterId], [UserId])
      OUTPUT INSERTED.[Id]
      VALUES (@p0, @p1, @p2, @p3, @p4, @p5, @p6, @p7, @p8);
info: TicketSystem.Api.Services.EmailProcessingService[0]
      Email processing complete for ticket TKT-1055
info: TicketSystem.Api.Services.EmailReceiverService[0]
      Successfully processed email UID=123 from mailer-daemon@googlemail.com
info: TicketSystem.Api.Services.EmailReceiverService[0]
      Connected to IMAP server imap.gmail.com:993
info: TicketSystem.Api.Services.EmailReceiverService[0]
      Found 1 unread email(s)
info: TicketSystem.Api.Services.EmailReceiverService[0]
      Processing email from kwlnnethra9@gmail.com: Test Email for Zoho Application - Please process (MessageId=6a3cce64.ee8b9a65.3b9b37.6fa8@mx.google.com)
info: Microsoft.EntityFrameworkCore.Database.Command[20101]
      Executed DbCommand (4ms) [Parameters=[@__messageId_0='?' (Size = 255)], CommandType='Text', CommandTimeout='30']
      SELECT TOP(1) [e].[Id], [e].[CreatedAt], [e].[Direction], [e].[MessageId], [e].[ReceivedAt], [e].[RecipientEmail], [e].[RequesterId], [e].[SenderEmail], [e].[SentAt], [e].[Status], [e].[Subject], [e].[TicketId], [e].[UserId]
      FROM [EmailMessages] AS [e]
      WHERE [e].[MessageId] = @__messageId_0
info: Microsoft.EntityFrameworkCore.Database.Command[20101]
      Executed DbCommand (4ms) [Parameters=[@p0='?' (DbType = DateTime2), @p1='?' (Size = 10), @p2='?' (Size = 255), @p3='?' (DbType = DateTime2), @p4='?' (Size = 255), @p5='?' (DbType = Int32), @p6='?' (Size = 255), @p7='?' (DbType = DateTime2), @p8='?' (Size = 20), @p9='?' (Size = 500), @p10='?' (DbType = Int32), @p11='?' (DbType = Int32)], CommandType='Text', CommandTimeout='30']
      SET IMPLICIT_TRANSACTIONS OFF;
      SET NOCOUNT ON;
      INSERT INTO [EmailMessages] ([CreatedAt], [Direction], [MessageId], [ReceivedAt], [RecipientEmail], [RequesterId], [SenderEmail], [SentAt], [Status], [Subject], [TicketId], [UserId])
      OUTPUT INSERTED.[Id]
      VALUES (@p0, @p1, @p2, @p3, @p4, @p5, @p6, @p7, @p8, @p9, @p10, @p11);
info: Microsoft.EntityFrameworkCore.Database.Command[20101]
      Executed DbCommand (3ms) [Parameters=[@p0='?' (Size = 100), @p1='?' (DbType = DateTime2), @p2='?' (DbType = Int32), @p3='?' (Size = 50), @p4='?' (Size = 50), @p5='?' (Size = 4000), @p6='?' (Size = 4000), @p7='?' (DbType = Int32), @p8='?' (DbType = Int32)], CommandType='Text', CommandTimeout='30']
      SET IMPLICIT_TRANSACTIONS OFF;
      SET NOCOUNT ON;
      INSERT INTO [AuditLogs] ([Action], [CreatedAt], [EntityId], [EntityType], [IpAddress], [NewValues], [OldValues], [RequesterId], [UserId])
      OUTPUT INSERTED.[Id]
      VALUES (@p0, @p1, @p2, @p3, @p4, @p5, @p6, @p7, @p8);
info: TicketSystem.Api.Services.OcrService[0]
      OCR extraction complete. App=Zoho, Priority=high, Confidence=0.95
info: Microsoft.EntityFrameworkCore.Database.Command[20101]
      Executed DbCommand (6ms) [Parameters=[@p0='?' (Size = 100), @p1='?' (DbType = DateTime2), @p2='?' (DbType = Int32), @p3='?' (Size = 50), @p4='?' (Size = 50), @p5='?' (Size = 4000), @p6='?' (Size = 4000), @p7='?' (DbType = Int32), @p8='?' (DbType = Int32)], CommandType='Text', CommandTimeout='30']
      SET IMPLICIT_TRANSACTIONS OFF;
      SET NOCOUNT ON;
      INSERT INTO [AuditLogs] ([Action], [CreatedAt], [EntityId], [EntityType], [IpAddress], [NewValues], [OldValues], [RequesterId], [UserId])
      OUTPUT INSERTED.[Id]
      VALUES (@p0, @p1, @p2, @p3, @p4, @p5, @p6, @p7, @p8);
info: Microsoft.EntityFrameworkCore.Database.Command[20101]
      Executed DbCommand (2ms) [Parameters=[@__email_0='?' (Size = 255)], CommandType='Text', CommandTimeout='30']
      SELECT TOP(1) [r].[Id], [r].[Company], [r].[CreatedAt], [r].[Email], [r].[FullName], [r].[UpdatedAt]
      FROM [Requesters] AS [r]
      WHERE [r].[Email] = @__email_0
info: Microsoft.EntityFrameworkCore.Database.Command[20101]
      Executed DbCommand (3ms) [Parameters=[@p0='?' (Size = 100), @p1='?' (DbType = DateTime2), @p2='?' (Size = 255), @p3='?' (Size = 100), @p4='?' (DbType = DateTime2)], CommandType='Text', CommandTimeout='30']
      SET IMPLICIT_TRANSACTIONS OFF;
      SET NOCOUNT ON;
      INSERT INTO [Requesters] ([Company], [CreatedAt], [Email], [FullName], [UpdatedAt])
      OUTPUT INSERTED.[Id]
      VALUES (@p0, @p1, @p2, @p3, @p4);
info: TicketSystem.Api.Services.EmailProcessingService[0]
      Created new requester: balajiharshad8@gmail.com (Id=16)
info: Microsoft.EntityFrameworkCore.Database.Command[20101]
      Executed DbCommand (1ms) [Parameters=[@p0='?' (Size = 100), @p1='?' (DbType = DateTime2), @p2='?' (DbType = Int32), @p3='?' (Size = 50), @p4='?' (Size = 50), @p5='?' (Size = 4000), @p6='?' (Size = 4000), @p7='?' (DbType = Int32), @p8='?' (DbType = Int32)], CommandType='Text', CommandTimeout='30']
      SET IMPLICIT_TRANSACTIONS OFF;
      SET NOCOUNT ON;
      INSERT INTO [AuditLogs] ([Action], [CreatedAt], [EntityId], [EntityType], [IpAddress], [NewValues], [OldValues], [RequesterId], [UserId])
      OUTPUT INSERTED.[Id]
      VALUES (@p0, @p1, @p2, @p3, @p4, @p5, @p6, @p7, @p8);
info: Microsoft.EntityFrameworkCore.Database.Command[20101]
      Executed DbCommand (4ms) [Parameters=[@__trimmed_0='?' (Size = 100)], CommandType='Text', CommandTimeout='30']
      SELECT TOP(1) [a].[Id], [a].[CreatedAt], [a].[IsActive], [a].[Name], [a].[UpdatedAt]
      FROM [Applications] AS [a]
      WHERE [a].[IsActive] = CAST(1 AS bit) AND [a].[Name] = @__trimmed_0
info: Microsoft.EntityFrameworkCore.Database.Command[20101]
      Executed DbCommand (189ms) [Parameters=[@__applicationId_0='?' (DbType = Int32)], CommandType='Text', CommandTimeout='30']
      SELECT TOP(1) [a].[Id], [a].[ApplicationId], [a].[BackupSpocUserId], [a].[CreatedAt], [a].[DepartmentId], [a].[IsActive], [a].[PrimarySpocUserId], [a].[UpdatedAt]
      FROM [ApplicationRoutingRules] AS [a]
      WHERE [a].[IsActive] = CAST(1 AS bit) AND [a].[ApplicationId] = @__applicationId_0 AND [a].[IsActive] = CAST(1 AS bit)
      ORDER BY [a].[Id]
info: TicketSystem.Api.Services.TicketAssignmentService[0]
      Assigned SPOC UserId=4 for ApplicationId=84
info: Microsoft.EntityFrameworkCore.Database.Command[20101]
      Executed DbCommand (19ms) [Parameters=[], CommandType='Text', CommandTimeout='30']
      SELECT NEXT VALUE FOR TicketSequence AS Value
info: Microsoft.EntityFrameworkCore.Database.Command[20101]
      Executed DbCommand (3ms) [Parameters=[], CommandType='Text', CommandTimeout='30']
      SELECT TOP(1) [a].[Id], [a].[CreatedAt], [a].[IsActive], [a].[Name], [a].[UpdatedAt]
      FROM [Applications] AS [a]
      WHERE [a].[IsActive] = CAST(1 AS bit) AND [a].[Name] = N'Unknown'
info: Microsoft.EntityFrameworkCore.Database.Command[20101]
      Executed DbCommand (7ms) [Parameters=[@p0='?' (DbType = Int32), @p1='?' (DbType = Int32), @p2='?' (DbType = DateTime2), @p3='?' (DbType = DateTime2), @p4='?' (Size = 4000), @p5='?' (Size = 20), @p6='?' (DbType = Int32), @p7='?' (DbType = DateTime2), @p8='?' (DbType = DateTime2), @p9='?' (DbType = DateTime2), @p10='?' (DbType = Int32), @p11='?' (Size = 200), @p12='?' (Size = 20), @p13='?' (DbType = DateTime2)], CommandType='Text', CommandTimeout='30']
      SET IMPLICIT_TRANSACTIONS OFF;
      SET NOCOUNT ON;
      INSERT INTO [Tickets] ([ApplicationId], [AssignedToUserId], [ClosedAt], [CreatedAt], [Description], [Priority], [RequesterId], [ResolvedAt], [SlaBreachedAt], [SlaDeadline], [StatusId], [Subject], [TicketNumber], [UpdatedAt])
      OUTPUT INSERTED.[Id]
      VALUES (@p0, @p1, @p2, @p3, @p4, @p5, @p6, @p7, @p8, @p9, @p10, @p11, @p12, @p13);
info: TicketSystem.Api.Services.EmailProcessingService[0]
      Created ticket TKT-1056 for requester balajiharshad8@gmail.com
info: Microsoft.EntityFrameworkCore.Database.Command[20101]
      Executed DbCommand (8ms) [Parameters=[@p0='?' (Size = 4000), @p1='?' (DbType = DateTime2), @p2='?' (Size = 20), @p3='?' (DbType = Int32), @p4='?' (DbType = Int32), @p5='?' (DbType = Int32)], CommandType='Text', CommandTimeout='30']
      SET IMPLICIT_TRANSACTIONS OFF;
      SET NOCOUNT ON;
      INSERT INTO [TicketMessages] ([Content], [CreatedAt], [MessageSourceType], [RequesterId], [TicketId], [UserId])
      OUTPUT INSERTED.[Id], INSERTED.[IsInternal]
      VALUES (@p0, @p1, @p2, @p3, @p4, @p5);
info: Microsoft.EntityFrameworkCore.Database.Command[20101]
      Executed DbCommand (6ms) [Parameters=[@p2='?' (DbType = Int32), @p0='?' (DbType = Int32), @p1='?' (DbType = Int32)], CommandType='Text', CommandTimeout='30']
      SET IMPLICIT_TRANSACTIONS OFF;
      SET NOCOUNT ON;
      UPDATE [EmailMessages] SET [RequesterId] = @p0, [TicketId] = @p1
      OUTPUT 1
      WHERE [Id] = @p2;
info: Microsoft.EntityFrameworkCore.Database.Command[20101]
      Executed DbCommand (5ms) [Parameters=[@p0='?' (DbType = Int32), @p1='?' (DbType = Int32), @p2='?' (DbType = DateTime2), @p3='?' (DbType = Int32), @p4='?' (Size = 500), @p5='?' (DbType = Int32), @p6='?' (DbType = Int32)], CommandType='Text', CommandTimeout='30']
      SET IMPLICIT_TRANSACTIONS OFF;
      SET NOCOUNT ON;
      INSERT INTO [TicketStatusHistory] ([ChangedByRequesterId], [ChangedByUserId], [CreatedAt], [FromStatusId], [Remarks], [TicketId], [ToStatusId])
      OUTPUT INSERTED.[Id]
      VALUES (@p0, @p1, @p2, @p3, @p4, @p5, @p6);
info: Microsoft.EntityFrameworkCore.Database.Command[20101]
      Executed DbCommand (91ms) [Parameters=[@p0='?' (DbType = DateTime2), @p1='?' (Size = 1000), @p2='?' (DbType = Int32), @p3='?' (Size = 200), @p4='?' (Size = 50), @p5='?' (DbType = Int32)], CommandType='Text', CommandTimeout='30']
      SET IMPLICIT_TRANSACTIONS OFF;
      SET NOCOUNT ON;
      INSERT INTO [Notifications] ([CreatedAt], [Message], [TicketId], [Title], [Type], [UserId])
      OUTPUT INSERTED.[Id], INSERTED.[IsRead]
      VALUES (@p0, @p1, @p2, @p3, @p4, @p5);
info: Microsoft.EntityFrameworkCore.Database.Command[20101]
      Executed DbCommand (4ms) [Parameters=[@__p_0='?' (DbType = Int32)], CommandType='Text', CommandTimeout='30']
      SELECT TOP(1) [u].[Id], [u].[CreatedAt], [u].[DepartmentId], [u].[Email], [u].[EmployeeId], [u].[FullName], [u].[IsActive], [u].[LastLoginAt], [u].[PasswordHash], [u].[RefreshToken], [u].[RefreshTokenExpiry], [u].[RoleId], [u].[UpdatedAt]
      FROM [Users] AS [u]
      WHERE [u].[IsActive] = CAST(1 AS bit) AND [u].[Id] = @__p_0
info: TicketSystem.Api.Services.EmailService[0]
      Email sent to balajiharshad8@gmail.com with subject [TKT-1056] Ticket Created: Issue with Zoho integration module
info: TicketSystem.Api.Services.EmailService[0]
      Email sent to jayasmitha@Intecc.com with subject [TKT-1056] New Ticket Assigned: Issue with Zoho integration module
info: Microsoft.EntityFrameworkCore.Database.Command[20101]
      Executed DbCommand (4ms) [Parameters=[@p0='?' (DbType = DateTime2), @p1='?' (Size = 10), @p2='?' (Size = 255), @p3='?' (DbType = DateTime2), @p4='?' (Size = 255), @p5='?' (DbType = Int32), @p6='?' (Size = 255), @p7='?' (DbType = DateTime2), @p8='?' (Size = 20), @p9='?' (Size = 500), @p10='?' (DbType = Int32), @p11='?' (DbType = Int32)], CommandType='Text', CommandTimeout='30']
      SET IMPLICIT_TRANSACTIONS OFF;
      SET NOCOUNT ON;
      INSERT INTO [EmailMessages] ([CreatedAt], [Direction], [MessageId], [ReceivedAt], [RecipientEmail], [RequesterId], [SenderEmail], [SentAt], [Status], [Subject], [TicketId], [UserId])
      OUTPUT INSERTED.[Id]
      VALUES (@p0, @p1, @p2, @p3, @p4, @p5, @p6, @p7, @p8, @p9, @p10, @p11);
info: Microsoft.EntityFrameworkCore.Database.Command[20101]
      Executed DbCommand (4ms) [Parameters=[@p0='?' (Size = 100), @p1='?' (DbType = DateTime2), @p2='?' (DbType = Int32), @p3='?' (Size = 50), @p4='?' (Size = 50), @p5='?' (Size = 4000), @p6='?' (Size = 4000), @p7='?' (DbType = Int32), @p8='?' (DbType = Int32)], CommandType='Text', CommandTimeout='30']
      SET IMPLICIT_TRANSACTIONS OFF;
      SET NOCOUNT ON;
      INSERT INTO [AuditLogs] ([Action], [CreatedAt], [EntityId], [EntityType], [IpAddress], [NewValues], [OldValues], [RequesterId], [UserId])
      OUTPUT INSERTED.[Id]
      VALUES (@p0, @p1, @p2, @p3, @p4, @p5, @p6, @p7, @p8);
info: TicketSystem.Api.Services.EmailProcessingService[0]
      Email processing complete for ticket TKT-1056
info: TicketSystem.Api.Services.EmailReceiverService[0]
      Successfully processed email UID=124 from kwlnnethra9@gmail.com
info: Microsoft.EntityFrameworkCore.Database.Command[20101]
      Executed DbCommand (17ms) [Parameters=[@__request_Email_0='?' (Size = 255)], CommandType='Text', CommandTimeout='30']
      SELECT TOP(1) [u].[Id], [u].[CreatedAt], [u].[DepartmentId], [u].[Email], [u].[EmployeeId], [u].[FullName], [u].[IsActive], [u].[LastLoginAt], [u].[PasswordHash], [u].[RefreshToken], [u].[RefreshTokenExpiry], [u].[RoleId], [u].[UpdatedAt], [t].[Id], [t].[CreatedAt], [t].[Description], [t].[IsActive], [t].[Name], [d].[Id], [d].[CreatedAt], [d].[HeadName], [d].[IsActive], [d].[Name], [d].[UpdatedAt]
      FROM [Users] AS [u]
      INNER JOIN (
          SELECT [r].[Id], [r].[CreatedAt], [r].[Description], [r].[IsActive], [r].[Name]
          FROM [Roles] AS [r]
          WHERE [r].[IsActive] = CAST(1 AS bit)
      ) AS [t] ON [u].[RoleId] = [t].[Id]
      INNER JOIN [Departments] AS [d] ON [u].[DepartmentId] = [d].[Id]
      WHERE [u].[IsActive] = CAST(1 AS bit) AND [u].[Email] = @__request_Email_0 AND [u].[IsActive] = CAST(1 AS bit)
info: Microsoft.EntityFrameworkCore.Database.Command[20101]
      Executed DbCommand (9ms) [Parameters=[@p12='?' (DbType = Int32), @p0='?' (DbType = DateTime2), @p1='?' (DbType = Int32), @p2='?' (Size = 255), @p3='?' (Size = 20), @p4='?' (Size = 100), @p5='?' (DbType = Boolean), @p6='?' (DbType = DateTime2), @p7='?' (Size = 500), @p8='?' (Size = 500), @p9='?' (DbType = DateTime2), @p10='?' (DbType = Int32), @p11='?' (DbType = DateTime2)], CommandType='Text', CommandTimeout='30']
      SET IMPLICIT_TRANSACTIONS OFF;
      SET NOCOUNT ON;
      UPDATE [Users] SET [CreatedAt] = @p0, [DepartmentId] = @p1, [Email] = @p2, [EmployeeId] = @p3, [FullName] = @p4, [IsActive] = @p5, [LastLoginAt] = @p6, [PasswordHash] = @p7, [RefreshToken] = @p8, [RefreshTokenExpiry] = @p9, [RoleId] = @p10, [UpdatedAt] = @p11
      OUTPUT 1
      WHERE [Id] = @p12;
info: Microsoft.EntityFrameworkCore.Database.Command[20101]
      Executed DbCommand (10ms) [Parameters=[@p12='?' (DbType = Int32), @p0='?' (DbType = DateTime2), @p1='?' (DbType = Int32), @p2='?' (Size = 255), @p3='?' (Size = 20), @p4='?' (Size = 100), @p5='?' (DbType = Boolean), @p6='?' (DbType = DateTime2), @p7='?' (Size = 500), @p8='?' (Size = 500), @p9='?' (DbType = DateTime2), @p10='?' (DbType = Int32), @p11='?' (DbType = DateTime2)], CommandType='Text', CommandTimeout='30']
      SET IMPLICIT_TRANSACTIONS OFF;
      SET NOCOUNT ON;
      UPDATE [Users] SET [CreatedAt] = @p0, [DepartmentId] = @p1, [Email] = @p2, [EmployeeId] = @p3, [FullName] = @p4, [IsActive] = @p5, [LastLoginAt] = @p6, [PasswordHash] = @p7, [RefreshToken] = @p8, [RefreshTokenExpiry] = @p9, [RoleId] = @p10, [UpdatedAt] = @p11
      OUTPUT 1
      WHERE [Id] = @p12;
info: Microsoft.EntityFrameworkCore.Database.Command[20101]
      Executed DbCommand (5ms) [Parameters=[], CommandType='Text', CommandTimeout='30']
      SELECT COUNT(*)
      FROM [Tickets] AS [t]
info: Microsoft.EntityFrameworkCore.Database.Command[20101]
      Executed DbCommand (100ms) [Parameters=[@__p_0='?' (DbType = Int32), @__p_1='?' (DbType = Int32)], CommandType='Text', CommandTimeout='30']
      SELECT [t0].[Id], [t0].[TicketNumber], [t0].[Subject], [t0].[Description], [t0].[StatusId], [t1].[Name] AS [StatusName], [t1].[DisplayName] AS [StatusDisplayName], [t0].[Priority], [t0].[RequesterId], [r].[FullName] AS [RequesterName], [t0].[ApplicationId], [t3].[Name] AS [ApplicationName], [t0].[AssignedToUserId] AS [AssignedToId], [t4].[FullName] AS [AssignedToName], (
          SELECT TOP(1) [t5].[CreatedAt]
          FROM [TicketMessages] AS [t5]
          WHERE [t0].[Id] = [t5].[TicketId]
          ORDER BY [t5].[CreatedAt] DESC) AS [LastMessageAt], [t0].[SlaDeadline], CASE
          WHEN [t0].[SlaDeadline] IS NOT NULL AND [t0].[SlaDeadline] < GETUTCDATE() THEN CAST(1 AS bit)
          ELSE CAST(0 AS bit)
      END AS [IsSlaBreached], [t0].[CreatedAt], [t0].[UpdatedAt]
      FROM (
          SELECT [t].[Id], [t].[ApplicationId], [t].[AssignedToUserId], [t].[CreatedAt], [t].[Description], [t].[Priority], [t].[RequesterId], [t].[SlaDeadline], [t].[StatusId], [t].[Subject], [t].[TicketNumber], [t].[UpdatedAt]
          FROM [Tickets] AS [t]
          ORDER BY [t].[UpdatedAt] DESC
          OFFSET @__p_0 ROWS FETCH NEXT @__p_1 ROWS ONLY
      ) AS [t0]
      INNER JOIN (
          SELECT [t2].[Id], [t2].[DisplayName], [t2].[Name]
          FROM [TicketStatuses] AS [t2]
          WHERE [t2].[IsActive] = CAST(1 AS bit)
      ) AS [t1] ON [t0].[StatusId] = [t1].[Id]
      INNER JOIN [Requesters] AS [r] ON [t0].[RequesterId] = [r].[Id]
      INNER JOIN (
          SELECT [a].[Id], [a].[Name]
          FROM [Applications] AS [a]
          WHERE [a].[IsActive] = CAST(1 AS bit)
      ) AS [t3] ON [t0].[ApplicationId] = [t3].[Id]
      LEFT JOIN (
          SELECT [u].[Id], [u].[FullName]
          FROM [Users] AS [u]
          WHERE [u].[IsActive] = CAST(1 AS bit)
      ) AS [t4] ON [t0].[AssignedToUserId] = [t4].[Id]
      ORDER BY [t0].[UpdatedAt] DESC
info: Microsoft.EntityFrameworkCore.Database.Command[20101]
      Executed DbCommand (13ms) [Parameters=[@__request_Email_0='?' (Size = 255)], CommandType='Text', CommandTimeout='30']
      SELECT TOP(1) [u].[Id], [u].[CreatedAt], [u].[DepartmentId], [u].[Email], [u].[EmployeeId], [u].[FullName], [u].[IsActive], [u].[LastLoginAt], [u].[PasswordHash], [u].[RefreshToken], [u].[RefreshTokenExpiry], [u].[RoleId], [u].[UpdatedAt], [t].[Id], [t].[CreatedAt], [t].[Description], [t].[IsActive], [t].[Name], [d].[Id], [d].[CreatedAt], [d].[HeadName], [d].[IsActive], [d].[Name], [d].[UpdatedAt]
      FROM [Users] AS [u]
      INNER JOIN (
          SELECT [r].[Id], [r].[CreatedAt], [r].[Description], [r].[IsActive], [r].[Name]
          FROM [Roles] AS [r]
          WHERE [r].[IsActive] = CAST(1 AS bit)
      ) AS [t] ON [u].[RoleId] = [t].[Id]
      INNER JOIN [Departments] AS [d] ON [u].[DepartmentId] = [d].[Id]
      WHERE [u].[IsActive] = CAST(1 AS bit) AND [u].[Email] = @__request_Email_0 AND [u].[IsActive] = CAST(1 AS bit)
info: Microsoft.EntityFrameworkCore.Database.Command[20101]
      Executed DbCommand (8ms) [Parameters=[@p12='?' (DbType = Int32), @p0='?' (DbType = DateTime2), @p1='?' (DbType = Int32), @p2='?' (Size = 255), @p3='?' (Size = 20), @p4='?' (Size = 100), @p5='?' (DbType = Boolean), @p6='?' (DbType = DateTime2), @p7='?' (Size = 500), @p8='?' (Size = 500), @p9='?' (DbType = DateTime2), @p10='?' (DbType = Int32), @p11='?' (DbType = DateTime2)], CommandType='Text', CommandTimeout='30']
      SET IMPLICIT_TRANSACTIONS OFF;
      SET NOCOUNT ON;
      UPDATE [Users] SET [CreatedAt] = @p0, [DepartmentId] = @p1, [Email] = @p2, [EmployeeId] = @p3, [FullName] = @p4, [IsActive] = @p5, [LastLoginAt] = @p6, [PasswordHash] = @p7, [RefreshToken] = @p8, [RefreshTokenExpiry] = @p9, [RoleId] = @p10, [UpdatedAt] = @p11
      OUTPUT 1
      WHERE [Id] = @p12;
info: Microsoft.EntityFrameworkCore.Database.Command[20101]
      Executed DbCommand (8ms) [Parameters=[@p12='?' (DbType = Int32), @p0='?' (DbType = DateTime2), @p1='?' (DbType = Int32), @p2='?' (Size = 255), @p3='?' (Size = 20), @p4='?' (Size = 100), @p5='?' (DbType = Boolean), @p6='?' (DbType = DateTime2), @p7='?' (Size = 500), @p8='?' (Size = 500), @p9='?' (DbType = DateTime2), @p10='?' (DbType = Int32), @p11='?' (DbType = DateTime2)], CommandType='Text', CommandTimeout='30']
      SET IMPLICIT_TRANSACTIONS OFF;
      SET NOCOUNT ON;
      UPDATE [Users] SET [CreatedAt] = @p0, [DepartmentId] = @p1, [Email] = @p2, [EmployeeId] = @p3, [FullName] = @p4, [IsActive] = @p5, [LastLoginAt] = @p6, [PasswordHash] = @p7, [RefreshToken] = @p8, [RefreshTokenExpiry] = @p9, [RoleId] = @p10, [UpdatedAt] = @p11
      OUTPUT 1
      WHERE [Id] = @p12;
info: Microsoft.EntityFrameworkCore.Database.Command[20101]
      Executed DbCommand (146ms) [Parameters=[@__id_0='?' (DbType = Int32)], CommandType='Text', CommandTimeout='30']
      SELECT [t4].[Id], [t4].[TicketNumber], [t4].[Subject], [t4].[Description], [t4].[StatusId], [t4].[Name], [t4].[DisplayName], [t4].[Color], [t4].[Priority], [t4].[RequesterId], [t4].[FullName], [t4].[Email], [t4].[ApplicationId], [t4].[Name0], [t4].[c], [t4].[AssignedToUserId], [t4].[FullName0], [t4].[Name1], [t4].[SlaDeadline], [t4].[SlaBreachedAt], [t4].[ResolvedAt], [t4].[ClosedAt], [t4].[CreatedAt], [t4].[UpdatedAt], [t4].[Id0], [t4].[Id1], [t4].[Id2], [t4].[Id3], [t4].[Id4], [t5].[Id], [t5].[Content], [t5].[IsInternal], [t5].[c], [t5].[c0], [t5].[c1], [t5].[CreatedAt], [t5].[Id0], [t5].[Id1], [t5].[Id2], [t5].[FileName], [t5].[ContentType], [t5].[FileSize], [t9].[Id], [t9].[FromStatus], [t9].[ToStatus], [t9].[ChangedById], [t9].[ChangedByName], [t9].[Note], [t9].[CreatedAt], [t9].[Id0], [t9].[Id1], [t9].[Id2], [t9].[Id3], [t16].[Id], [t16].[Description], [t16].[CreatedByName], [t16].[CreatedAt], [t16].[Id0]
      FROM (
          SELECT TOP(1) [t].[Id], [t].[TicketNumber], [t].[Subject], [t].[Description], [t].[StatusId], [t0].[Name], [t0].[DisplayName], [t0].[Color], [t].[Priority], [t].[RequesterId], [r].[FullName], [r].[Email], [t].[ApplicationId], [t2].[Name] AS [Name0], CASE
              WHEN CAST(LEN([t2].[Name]) AS int) > 10 THEN REPLACE(UPPER(SUBSTRING([t2].[Name], 0 + 1, 10)), N' ', N'')
              ELSE REPLACE(UPPER([t2].[Name]), N' ', N'')
          END AS [c], [t].[AssignedToUserId], [t3].[FullName] AS [FullName0], [d].[Name] AS [Name1], [t].[SlaDeadline], [t].[SlaBreachedAt], [t].[ResolvedAt], [t].[ClosedAt], [t].[CreatedAt], [t].[UpdatedAt], [t0].[Id] AS [Id0], [r].[Id] AS [Id1], [t2].[Id] AS [Id2], [t3].[Id] AS [Id3], [d].[Id] AS [Id4]
          FROM [Tickets] AS [t]
          INNER JOIN (
              SELECT [t1].[Id], [t1].[Color], [t1].[DisplayName], [t1].[Name]
              FROM [TicketStatuses] AS [t1]
              WHERE [t1].[IsActive] = CAST(1 AS bit)
          ) AS [t0] ON [t].[StatusId] = [t0].[Id]
          INNER JOIN [Requesters] AS [r] ON [t].[RequesterId] = [r].[Id]
          INNER JOIN (
              SELECT [a].[Id], [a].[Name]
              FROM [Applications] AS [a]
              WHERE [a].[IsActive] = CAST(1 AS bit)
          ) AS [t2] ON [t].[ApplicationId] = [t2].[Id]
          LEFT JOIN (
              SELECT [u].[Id], [u].[DepartmentId], [u].[FullName]
              FROM [Users] AS [u]
              WHERE [u].[IsActive] = CAST(1 AS bit)
          ) AS [t3] ON [t].[AssignedToUserId] = [t3].[Id]
          LEFT JOIN [Departments] AS [d] ON [t3].[DepartmentId] = [d].[Id]
          WHERE [t].[Id] = @__id_0
      ) AS [t4]
      LEFT JOIN (
          SELECT [t6].[Id], [t6].[Content], [t6].[IsInternal], CASE
              WHEN [t6].[RequesterId] IS NOT NULL THEN CAST(1 AS bit)
              ELSE CAST(0 AS bit)
          END AS [c], COALESCE([t6].[UserId], 0) AS [c0], CASE
              WHEN [t7].[Id] IS NOT NULL THEN [t7].[FullName]
              WHEN [r0].[Id] IS NOT NULL THEN [r0].[FullName]
              ELSE N'System'
          END AS [c1], [t6].[CreatedAt], [t7].[Id] AS [Id0], [r0].[Id] AS [Id1], [t8].[Id] AS [Id2], [t8].[FileName], [t8].[ContentType], [t8].[FileSize], [t6].[TicketId]
          FROM [TicketMessages] AS [t6]
          LEFT JOIN (
              SELECT [u0].[Id], [u0].[FullName]
              FROM [Users] AS [u0]
              WHERE [u0].[IsActive] = CAST(1 AS bit)
          ) AS [t7] ON [t6].[UserId] = [t7].[Id]
          LEFT JOIN [Requesters] AS [r0] ON [t6].[RequesterId] = [r0].[Id]
          LEFT JOIN [TicketAttachments] AS [t8] ON [t6].[Id] = [t8].[TicketMessageId]
      ) AS [t5] ON [t4].[Id] = [t5].[TicketId]
      LEFT JOIN (
          SELECT [t10].[Id], [t11].[Name] AS [FromStatus], [t12].[Name] AS [ToStatus], COALESCE([t10].[ChangedByUserId], 0) AS [ChangedById], CASE
              WHEN [t13].[Id] IS NOT NULL THEN [t13].[FullName]
              WHEN [r1].[Id] IS NOT NULL THEN [r1].[FullName]
              ELSE N'System'
          END AS [ChangedByName], [t10].[Remarks] AS [Note], [t10].[CreatedAt], [t11].[Id] AS [Id0], [t12].[Id] AS [Id1], [t13].[Id] AS [Id2], [r1].[Id] AS [Id3], [t10].[TicketId]
          FROM [TicketStatusHistory] AS [t10]
          LEFT JOIN (
              SELECT [t14].[Id], [t14].[Name]
              FROM [TicketStatuses] AS [t14]
              WHERE [t14].[IsActive] = CAST(1 AS bit)
          ) AS [t11] ON [t10].[FromStatusId] = [t11].[Id]
          INNER JOIN (
              SELECT [t15].[Id], [t15].[Name]
              FROM [TicketStatuses] AS [t15]
              WHERE [t15].[IsActive] = CAST(1 AS bit)
          ) AS [t12] ON [t10].[ToStatusId] = [t12].[Id]
          LEFT JOIN (
              SELECT [u1].[Id], [u1].[FullName]
              FROM [Users] AS [u1]
              WHERE [u1].[IsActive] = CAST(1 AS bit)
          ) AS [t13] ON [t10].[ChangedByUserId] = [t13].[Id]
          LEFT JOIN [Requesters] AS [r1] ON [t10].[ChangedByRequesterId] = [r1].[Id]
      ) AS [t9] ON [t4].[Id] = [t9].[TicketId]
      LEFT JOIN (
          SELECT [t17].[Id], [t17].[Description], [t18].[FullName] AS [CreatedByName], [t17].[CreatedAt], [t18].[Id] AS [Id0], [t17].[TicketId]
          FROM [TicketCorrectiveActions] AS [t17]
          INNER JOIN (
              SELECT [u2].[Id], [u2].[FullName]
              FROM [Users] AS [u2]
              WHERE [u2].[IsActive] = CAST(1 AS bit)
          ) AS [t18] ON [t17].[PerformedByUserId] = [t18].[Id]
      ) AS [t16] ON [t4].[Id] = [t16].[TicketId]
      ORDER BY [t4].[Id], [t4].[Id0], [t4].[Id1], [t4].[Id2], [t4].[Id3], [t4].[Id4], [t5].[CreatedAt], [t5].[Id], [t5].[Id0], [t5].[Id1], [t5].[Id2], [t9].[CreatedAt], [t9].[Id], [t9].[Id0], [t9].[Id1], [t9].[Id2], [t9].[Id3], [t16].[Id]
info: Microsoft.EntityFrameworkCore.Database.Command[20101]
      Executed DbCommand (7ms) [Parameters=[@__request_Email_0='?' (Size = 255)], CommandType='Text', CommandTimeout='30']
      SELECT TOP(1) [u].[Id], [u].[CreatedAt], [u].[DepartmentId], [u].[Email], [u].[EmployeeId], [u].[FullName], [u].[IsActive], [u].[LastLoginAt], [u].[PasswordHash], [u].[RefreshToken], [u].[RefreshTokenExpiry], [u].[RoleId], [u].[UpdatedAt], [t].[Id], [t].[CreatedAt], [t].[Description], [t].[IsActive], [t].[Name], [d].[Id], [d].[CreatedAt], [d].[HeadName], [d].[IsActive], [d].[Name], [d].[UpdatedAt]
      FROM [Users] AS [u]
      INNER JOIN (
          SELECT [r].[Id], [r].[CreatedAt], [r].[Description], [r].[IsActive], [r].[Name]
          FROM [Roles] AS [r]
          WHERE [r].[IsActive] = CAST(1 AS bit)
      ) AS [t] ON [u].[RoleId] = [t].[Id]
      INNER JOIN [Departments] AS [d] ON [u].[DepartmentId] = [d].[Id]
      WHERE [u].[IsActive] = CAST(1 AS bit) AND [u].[Email] = @__request_Email_0 AND [u].[IsActive] = CAST(1 AS bit)
info: Microsoft.EntityFrameworkCore.Database.Command[20101]
      Executed DbCommand (105ms) [Parameters=[@p12='?' (DbType = Int32), @p0='?' (DbType = DateTime2), @p1='?' (DbType = Int32), @p2='?' (Size = 255), @p3='?' (Size = 20), @p4='?' (Size = 100), @p5='?' (DbType = Boolean), @p6='?' (DbType = DateTime2), @p7='?' (Size = 500), @p8='?' (Size = 500), @p9='?' (DbType = DateTime2), @p10='?' (DbType = Int32), @p11='?' (DbType = DateTime2)], CommandType='Text', CommandTimeout='30']
      SET IMPLICIT_TRANSACTIONS OFF;
      SET NOCOUNT ON;
      UPDATE [Users] SET [CreatedAt] = @p0, [DepartmentId] = @p1, [Email] = @p2, [EmployeeId] = @p3, [FullName] = @p4, [IsActive] = @p5, [LastLoginAt] = @p6, [PasswordHash] = @p7, [RefreshToken] = @p8, [RefreshTokenExpiry] = @p9, [RoleId] = @p10, [UpdatedAt] = @p11
      OUTPUT 1
      WHERE [Id] = @p12;
info: Microsoft.EntityFrameworkCore.Database.Command[20101]
      Executed DbCommand (1ms) [Parameters=[@p12='?' (DbType = Int32), @p0='?' (DbType = DateTime2), @p1='?' (DbType = Int32), @p2='?' (Size = 255), @p3='?' (Size = 20), @p4='?' (Size = 100), @p5='?' (DbType = Boolean), @p6='?' (DbType = DateTime2), @p7='?' (Size = 500), @p8='?' (Size = 500), @p9='?' (DbType = DateTime2), @p10='?' (DbType = Int32), @p11='?' (DbType = DateTime2)], CommandType='Text', CommandTimeout='30']
      SET IMPLICIT_TRANSACTIONS OFF;
      SET NOCOUNT ON;
      UPDATE [Users] SET [CreatedAt] = @p0, [DepartmentId] = @p1, [Email] = @p2, [EmployeeId] = @p3, [FullName] = @p4, [IsActive] = @p5, [LastLoginAt] = @p6, [PasswordHash] = @p7, [RefreshToken] = @p8, [RefreshTokenExpiry] = @p9, [RoleId] = @p10, [UpdatedAt] = @p11
      OUTPUT 1
      WHERE [Id] = @p12;
info: Microsoft.EntityFrameworkCore.Database.Command[20101]
      Executed DbCommand (78ms) [Parameters=[@__userId_0='?' (DbType = Int32)], CommandType='Text', CommandTimeout='30']
      SELECT COUNT(*)
      FROM [Notifications] AS [n]
      WHERE [n].[UserId] = @__userId_0
info: Microsoft.EntityFrameworkCore.Database.Command[20101]
      Executed DbCommand (109ms) [Parameters=[@__userId_0='?' (DbType = Int32)], CommandType='Text', CommandTimeout='30']
      SELECT COUNT(*)
      FROM [Notifications] AS [n]
      WHERE [n].[UserId] = @__userId_0 AND [n].[IsRead] = CAST(0 AS bit)
info: Microsoft.EntityFrameworkCore.Database.Command[20101]
      Executed DbCommand (7ms) [Parameters=[@__userId_0='?' (DbType = Int32), @__p_1='?' (DbType = Int32), @__p_2='?' (DbType = Int32)], CommandType='Text', CommandTimeout='30']
      SELECT [t].[Id], [t].[UserId], [t].[TicketId], [t0].[TicketNumber], [t].[Type], [t].[Title], [t].[Message], [t].[IsRead], [t].[CreatedAt]
      FROM (
          SELECT [n].[Id], [n].[CreatedAt], [n].[IsRead], [n].[Message], [n].[TicketId], [n].[Title], [n].[Type], [n].[UserId]
          FROM [Notifications] AS [n]
          WHERE [n].[UserId] = @__userId_0
          ORDER BY [n].[CreatedAt] DESC
          OFFSET @__p_1 ROWS FETCH NEXT @__p_2 ROWS ONLY
      ) AS [t]
      LEFT JOIN [Tickets] AS [t0] ON [t].[TicketId] = [t0].[Id]
      ORDER BY [t].[CreatedAt] DESC
info: TicketSystem.Api.Services.EmailReceiverService[0]
      Connected to IMAP server imap.gmail.com:993
info: TicketSystem.Api.Services.EmailReceiverService[0]
      Found 1 unread email(s)
info: TicketSystem.Api.Services.EmailReceiverService[0]
      Processing email from mailer-daemon@googlemail.com: Delivery Status Notification (Failure) (MessageId=6a3ccea0.ed226aae.349ca1.309a.GMR@mx.google.com)
info: Microsoft.EntityFrameworkCore.Database.Command[20101]
      Executed DbCommand (21ms) [Parameters=[@__messageId_0='?' (Size = 255)], CommandType='Text', CommandTimeout='30']
      SELECT TOP(1) [e].[Id], [e].[CreatedAt], [e].[Direction], [e].[MessageId], [e].[ReceivedAt], [e].[RecipientEmail], [e].[RequesterId], [e].[SenderEmail], [e].[SentAt], [e].[Status], [e].[Subject], [e].[TicketId], [e].[UserId]
      FROM [EmailMessages] AS [e]
      WHERE [e].[MessageId] = @__messageId_0
info: Microsoft.EntityFrameworkCore.Database.Command[20101]
      Executed DbCommand (4ms) [Parameters=[@p0='?' (DbType = DateTime2), @p1='?' (Size = 10), @p2='?' (Size = 255), @p3='?' (DbType = DateTime2), @p4='?' (Size = 255), @p5='?' (DbType = Int32), @p6='?' (Size = 255), @p7='?' (DbType = DateTime2), @p8='?' (Size = 20), @p9='?' (Size = 500), @p10='?' (DbType = Int32), @p11='?' (DbType = Int32)], CommandType='Text', CommandTimeout='30']
      SET IMPLICIT_TRANSACTIONS OFF;
      SET NOCOUNT ON;
      INSERT INTO [EmailMessages] ([CreatedAt], [Direction], [MessageId], [ReceivedAt], [RecipientEmail], [RequesterId], [SenderEmail], [SentAt], [Status], [Subject], [TicketId], [UserId])
      OUTPUT INSERTED.[Id]
      VALUES (@p0, @p1, @p2, @p3, @p4, @p5, @p6, @p7, @p8, @p9, @p10, @p11);
info: Microsoft.EntityFrameworkCore.Database.Command[20101]
      Executed DbCommand (3ms) [Parameters=[@p0='?' (Size = 100), @p1='?' (DbType = DateTime2), @p2='?' (DbType = Int32), @p3='?' (Size = 50), @p4='?' (Size = 50), @p5='?' (Size = 4000), @p6='?' (Size = 4000), @p7='?' (DbType = Int32), @p8='?' (DbType = Int32)], CommandType='Text', CommandTimeout='30']
      SET IMPLICIT_TRANSACTIONS OFF;
      SET NOCOUNT ON;
      INSERT INTO [AuditLogs] ([Action], [CreatedAt], [EntityId], [EntityType], [IpAddress], [NewValues], [OldValues], [RequesterId], [UserId])
      OUTPUT INSERTED.[Id]
      VALUES (@p0, @p1, @p2, @p3, @p4, @p5, @p6, @p7, @p8);
info: Microsoft.EntityFrameworkCore.Database.Command[20101]
      Executed DbCommand (3ms) [Parameters=[@__inReplyTo_0='?' (Size = 255)], CommandType='Text', CommandTimeout='30']
      SELECT TOP(1) [e].[Id], [e].[CreatedAt], [e].[Direction], [e].[MessageId], [e].[ReceivedAt], [e].[RecipientEmail], [e].[RequesterId], [e].[SenderEmail], [e].[SentAt], [e].[Status], [e].[Subject], [e].[TicketId], [e].[UserId]
      FROM [EmailMessages] AS [e]
      WHERE [e].[MessageId] = @__inReplyTo_0 AND [e].[TicketId] IS NOT NULL
info: Microsoft.EntityFrameworkCore.Database.Command[20101]
      Executed DbCommand (24ms) [Parameters=[@__refId_0='?' (Size = 255)], CommandType='Text', CommandTimeout='30']
      SELECT TOP(1) [e].[Id], [e].[CreatedAt], [e].[Direction], [e].[MessageId], [e].[ReceivedAt], [e].[RecipientEmail], [e].[RequesterId], [e].[SenderEmail], [e].[SentAt], [e].[Status], [e].[Subject], [e].[TicketId], [e].[UserId]
      FROM [EmailMessages] AS [e]
      WHERE [e].[MessageId] = @__refId_0 AND [e].[TicketId] IS NOT NULL
info: TicketSystem.Api.Services.OcrService[0]
      OCR extraction complete. App=Unknown, Priority=low, Confidence=0.85
info: Microsoft.EntityFrameworkCore.Database.Command[20101]
      Executed DbCommand (33ms) [Parameters=[@p0='?' (Size = 100), @p1='?' (DbType = DateTime2), @p2='?' (DbType = Int32), @p3='?' (Size = 50), @p4='?' (Size = 50), @p5='?' (Size = 4000), @p6='?' (Size = 4000), @p7='?' (DbType = Int32), @p8='?' (DbType = Int32)], CommandType='Text', CommandTimeout='30']
      SET IMPLICIT_TRANSACTIONS OFF;
      SET NOCOUNT ON;
      INSERT INTO [AuditLogs] ([Action], [CreatedAt], [EntityId], [EntityType], [IpAddress], [NewValues], [OldValues], [RequesterId], [UserId])
      OUTPUT INSERTED.[Id]
      VALUES (@p0, @p1, @p2, @p3, @p4, @p5, @p6, @p7, @p8);
info: Microsoft.EntityFrameworkCore.Database.Command[20101]
      Executed DbCommand (3ms) [Parameters=[@__email_0='?' (Size = 255)], CommandType='Text', CommandTimeout='30']
      SELECT TOP(1) [r].[Id], [r].[Company], [r].[CreatedAt], [r].[Email], [r].[FullName], [r].[UpdatedAt]
      FROM [Requesters] AS [r]
      WHERE [r].[Email] = @__email_0
info: Microsoft.EntityFrameworkCore.Database.Command[20101]
      Executed DbCommand (3ms) [Parameters=[], CommandType='Text', CommandTimeout='30']
      SELECT TOP(1) [a].[Id], [a].[CreatedAt], [a].[IsActive], [a].[Name], [a].[UpdatedAt]
      FROM [Applications] AS [a]
      WHERE [a].[IsActive] = CAST(1 AS bit) AND [a].[Name] = N'Unknown'
info: Microsoft.EntityFrameworkCore.Database.Command[20101]
      Executed DbCommand (2ms) [Parameters=[], CommandType='Text', CommandTimeout='30']
      SELECT NEXT VALUE FOR TicketSequence AS Value
info: Microsoft.EntityFrameworkCore.Database.Command[20101]
      Executed DbCommand (3ms) [Parameters=[], CommandType='Text', CommandTimeout='30']
      SELECT TOP(1) [a].[Id], [a].[CreatedAt], [a].[IsActive], [a].[Name], [a].[UpdatedAt]
      FROM [Applications] AS [a]
      WHERE [a].[IsActive] = CAST(1 AS bit) AND [a].[Name] = N'Unknown'
info: Microsoft.EntityFrameworkCore.Database.Command[20101]
      Executed DbCommand (6ms) [Parameters=[@p0='?' (DbType = Int32), @p1='?' (DbType = Int32), @p2='?' (DbType = DateTime2), @p3='?' (DbType = DateTime2), @p4='?' (Size = 4000), @p5='?' (Size = 20), @p6='?' (DbType = Int32), @p7='?' (DbType = DateTime2), @p8='?' (DbType = DateTime2), @p9='?' (DbType = DateTime2), @p10='?' (DbType = Int32), @p11='?' (Size = 200), @p12='?' (Size = 20), @p13='?' (DbType = DateTime2)], CommandType='Text', CommandTimeout='30']
      SET IMPLICIT_TRANSACTIONS OFF;
      SET NOCOUNT ON;
      INSERT INTO [Tickets] ([ApplicationId], [AssignedToUserId], [ClosedAt], [CreatedAt], [Description], [Priority], [RequesterId], [ResolvedAt], [SlaBreachedAt], [SlaDeadline], [StatusId], [Subject], [TicketNumber], [UpdatedAt])
      OUTPUT INSERTED.[Id]
      VALUES (@p0, @p1, @p2, @p3, @p4, @p5, @p6, @p7, @p8, @p9, @p10, @p11, @p12, @p13);
info: TicketSystem.Api.Services.EmailProcessingService[0]
      Created ticket TKT-1057 for requester mailer-daemon@googlemail.com
info: Microsoft.EntityFrameworkCore.Database.Command[20101]
      Executed DbCommand (11ms) [Parameters=[@p0='?' (Size = 4000), @p1='?' (DbType = DateTime2), @p2='?' (Size = 20), @p3='?' (DbType = Int32), @p4='?' (DbType = Int32), @p5='?' (DbType = Int32)], CommandType='Text', CommandTimeout='30']
      SET IMPLICIT_TRANSACTIONS OFF;
      SET NOCOUNT ON;
      INSERT INTO [TicketMessages] ([Content], [CreatedAt], [MessageSourceType], [RequesterId], [TicketId], [UserId])
      OUTPUT INSERTED.[Id], INSERTED.[IsInternal]
      VALUES (@p0, @p1, @p2, @p3, @p4, @p5);
info: Microsoft.EntityFrameworkCore.Database.Command[20101]
      Executed DbCommand (11ms) [Parameters=[@p0='?' (Size = 100), @p1='?' (DbType = DateTime2), @p2='?' (Size = 8000) (DbType = Binary), @p3='?' (Size = 255), @p4='?' (DbType = Int64), @p5='?' (DbType = Int32), @p6='?' (Size = 100), @p7='?' (DbType = DateTime2), @p8='?' (Size = 8000) (DbType = Binary), @p9='?' (Size = 255), @p10='?' (DbType = Int64), @p11='?' (DbType = Int32)], CommandType='Text', CommandTimeout='30']
      SET IMPLICIT_TRANSACTIONS OFF;
      SET NOCOUNT ON;
      MERGE [TicketAttachments] USING (
      VALUES (@p0, @p1, @p2, @p3, @p4, @p5, 0),
      (@p6, @p7, @p8, @p9, @p10, @p11, 1)) AS i ([ContentType], [CreatedAt], [FileData], [FileName], [FileSize], [TicketMessageId], _Position) ON 1=0
      WHEN NOT MATCHED THEN
      INSERT ([ContentType], [CreatedAt], [FileData], [FileName], [FileSize], [TicketMessageId])
      VALUES (i.[ContentType], i.[CreatedAt], i.[FileData], i.[FileName], i.[FileSize], i.[TicketMessageId])
      OUTPUT INSERTED.[Id], i._Position;
info: Microsoft.EntityFrameworkCore.Database.Command[20101]
      Executed DbCommand (8ms) [Parameters=[@p2='?' (DbType = Int32), @p0='?' (DbType = Int32), @p1='?' (DbType = Int32)], CommandType='Text', CommandTimeout='30']
      SET IMPLICIT_TRANSACTIONS OFF;
      SET NOCOUNT ON;
      UPDATE [EmailMessages] SET [RequesterId] = @p0, [TicketId] = @p1
      OUTPUT 1
      WHERE [Id] = @p2;
info: Microsoft.EntityFrameworkCore.Database.Command[20101]
      Executed DbCommand (8ms) [Parameters=[@p0='?' (DbType = Int32), @p1='?' (DbType = Int32), @p2='?' (DbType = DateTime2), @p3='?' (DbType = Int32), @p4='?' (Size = 500), @p5='?' (DbType = Int32), @p6='?' (DbType = Int32)], CommandType='Text', CommandTimeout='30']
      SET IMPLICIT_TRANSACTIONS OFF;
      SET NOCOUNT ON;
      INSERT INTO [TicketStatusHistory] ([ChangedByRequesterId], [ChangedByUserId], [CreatedAt], [FromStatusId], [Remarks], [TicketId], [ToStatusId])
      OUTPUT INSERTED.[Id]
      VALUES (@p0, @p1, @p2, @p3, @p4, @p5, @p6);
warn: TicketSystem.Api.Services.EmailProcessingService[0]
      No SPOC assigned for ticket TKT-1057 (ApplicationId=85)
info: Microsoft.EntityFrameworkCore.Database.Command[20101]
      Executed DbCommand (3ms) [Parameters=[@p0='?' (Size = 100), @p1='?' (DbType = DateTime2), @p2='?' (DbType = Int32), @p3='?' (Size = 50), @p4='?' (Size = 50), @p5='?' (Size = 4000), @p6='?' (Size = 4000), @p7='?' (DbType = Int32), @p8='?' (DbType = Int32)], CommandType='Text', CommandTimeout='30']
      SET IMPLICIT_TRANSACTIONS OFF;
      SET NOCOUNT ON;
      INSERT INTO [AuditLogs] ([Action], [CreatedAt], [EntityId], [EntityType], [IpAddress], [NewValues], [OldValues], [RequesterId], [UserId])
      OUTPUT INSERTED.[Id]
      VALUES (@p0, @p1, @p2, @p3, @p4, @p5, @p6, @p7, @p8);
info: TicketSystem.Api.Services.EmailProcessingService[0]
      Email processing complete for ticket TKT-1057
info: TicketSystem.Api.Services.EmailReceiverService[0]
      Successfully processed email UID=125 from mailer-daemon@googlemail.com
info: Microsoft.EntityFrameworkCore.Database.Command[20101]
      Executed DbCommand (7ms) [Parameters=[@__request_Email_0='?' (Size = 255)], CommandType='Text', CommandTimeout='30']
      SELECT TOP(1) [u].[Id], [u].[CreatedAt], [u].[DepartmentId], [u].[Email], [u].[EmployeeId], [u].[FullName], [u].[IsActive], [u].[LastLoginAt], [u].[PasswordHash], [u].[RefreshToken], [u].[RefreshTokenExpiry], [u].[RoleId], [u].[UpdatedAt], [t].[Id], [t].[CreatedAt], [t].[Description], [t].[IsActive], [t].[Name], [d].[Id], [d].[CreatedAt], [d].[HeadName], [d].[IsActive], [d].[Name], [d].[UpdatedAt]
      FROM [Users] AS [u]
      INNER JOIN (
          SELECT [r].[Id], [r].[CreatedAt], [r].[Description], [r].[IsActive], [r].[Name]
          FROM [Roles] AS [r]
          WHERE [r].[IsActive] = CAST(1 AS bit)
      ) AS [t] ON [u].[RoleId] = [t].[Id]
      INNER JOIN [Departments] AS [d] ON [u].[DepartmentId] = [d].[Id]
      WHERE [u].[IsActive] = CAST(1 AS bit) AND [u].[Email] = @__request_Email_0 AND [u].[IsActive] = CAST(1 AS bit)
info: Microsoft.EntityFrameworkCore.Database.Command[20101]
      Executed DbCommand (53ms) [Parameters=[@p12='?' (DbType = Int32), @p0='?' (DbType = DateTime2), @p1='?' (DbType = Int32), @p2='?' (Size = 255), @p3='?' (Size = 20), @p4='?' (Size = 100), @p5='?' (DbType = Boolean), @p6='?' (DbType = DateTime2), @p7='?' (Size = 500), @p8='?' (Size = 500), @p9='?' (DbType = DateTime2), @p10='?' (DbType = Int32), @p11='?' (DbType = DateTime2)], CommandType='Text', CommandTimeout='30']
      SET IMPLICIT_TRANSACTIONS OFF;
      SET NOCOUNT ON;
      UPDATE [Users] SET [CreatedAt] = @p0, [DepartmentId] = @p1, [Email] = @p2, [EmployeeId] = @p3, [FullName] = @p4, [IsActive] = @p5, [LastLoginAt] = @p6, [PasswordHash] = @p7, [RefreshToken] = @p8, [RefreshTokenExpiry] = @p9, [RoleId] = @p10, [UpdatedAt] = @p11
      OUTPUT 1
      WHERE [Id] = @p12;
info: Microsoft.EntityFrameworkCore.Database.Command[20101]
      Executed DbCommand (1ms) [Parameters=[@p12='?' (DbType = Int32), @p0='?' (DbType = DateTime2), @p1='?' (DbType = Int32), @p2='?' (Size = 255), @p3='?' (Size = 20), @p4='?' (Size = 100), @p5='?' (DbType = Boolean), @p6='?' (DbType = DateTime2), @p7='?' (Size = 500), @p8='?' (Size = 500), @p9='?' (DbType = DateTime2), @p10='?' (DbType = Int32), @p11='?' (DbType = DateTime2)], CommandType='Text', CommandTimeout='30']
      SET IMPLICIT_TRANSACTIONS OFF;
      SET NOCOUNT ON;
      UPDATE [Users] SET [CreatedAt] = @p0, [DepartmentId] = @p1, [Email] = @p2, [EmployeeId] = @p3, [FullName] = @p4, [IsActive] = @p5, [LastLoginAt] = @p6, [PasswordHash] = @p7, [RefreshToken] = @p8, [RefreshTokenExpiry] = @p9, [RoleId] = @p10, [UpdatedAt] = @p11
      OUTPUT 1
      WHERE [Id] = @p12;
info: Microsoft.EntityFrameworkCore.Database.Command[20101]
      Executed DbCommand (79ms) [Parameters=[@__id_0='?' (DbType = Int32)], CommandType='Text', CommandTimeout='30']
      SELECT [t4].[Id], [t4].[TicketNumber], [t4].[Subject], [t4].[Description], [t4].[StatusId], [t4].[Name], [t4].[DisplayName], [t4].[Color], [t4].[Priority], [t4].[RequesterId], [t4].[FullName], [t4].[Email], [t4].[ApplicationId], [t4].[Name0], [t4].[c], [t4].[AssignedToUserId], [t4].[FullName0], [t4].[Name1], [t4].[SlaDeadline], [t4].[SlaBreachedAt], [t4].[ResolvedAt], [t4].[ClosedAt], [t4].[CreatedAt], [t4].[UpdatedAt], [t4].[Id0], [t4].[Id1], [t4].[Id2], [t4].[Id3], [t4].[Id4], [t5].[Id], [t5].[Content], [t5].[IsInternal], [t5].[c], [t5].[c0], [t5].[c1], [t5].[CreatedAt], [t5].[Id0], [t5].[Id1], [t5].[Id2], [t5].[FileName], [t5].[ContentType], [t5].[FileSize], [t9].[Id], [t9].[FromStatus], [t9].[ToStatus], [t9].[ChangedById], [t9].[ChangedByName], [t9].[Note], [t9].[CreatedAt], [t9].[Id0], [t9].[Id1], [t9].[Id2], [t9].[Id3], [t16].[Id], [t16].[Description], [t16].[CreatedByName], [t16].[CreatedAt], [t16].[Id0]
      FROM (
          SELECT TOP(1) [t].[Id], [t].[TicketNumber], [t].[Subject], [t].[Description], [t].[StatusId], [t0].[Name], [t0].[DisplayName], [t0].[Color], [t].[Priority], [t].[RequesterId], [r].[FullName], [r].[Email], [t].[ApplicationId], [t2].[Name] AS [Name0], CASE
              WHEN CAST(LEN([t2].[Name]) AS int) > 10 THEN REPLACE(UPPER(SUBSTRING([t2].[Name], 0 + 1, 10)), N' ', N'')
              ELSE REPLACE(UPPER([t2].[Name]), N' ', N'')
          END AS [c], [t].[AssignedToUserId], [t3].[FullName] AS [FullName0], [d].[Name] AS [Name1], [t].[SlaDeadline], [t].[SlaBreachedAt], [t].[ResolvedAt], [t].[ClosedAt], [t].[CreatedAt], [t].[UpdatedAt], [t0].[Id] AS [Id0], [r].[Id] AS [Id1], [t2].[Id] AS [Id2], [t3].[Id] AS [Id3], [d].[Id] AS [Id4]
          FROM [Tickets] AS [t]
          INNER JOIN (
              SELECT [t1].[Id], [t1].[Color], [t1].[DisplayName], [t1].[Name]
              FROM [TicketStatuses] AS [t1]
              WHERE [t1].[IsActive] = CAST(1 AS bit)
          ) AS [t0] ON [t].[StatusId] = [t0].[Id]
          INNER JOIN [Requesters] AS [r] ON [t].[RequesterId] = [r].[Id]
          INNER JOIN (
              SELECT [a].[Id], [a].[Name]
              FROM [Applications] AS [a]
              WHERE [a].[IsActive] = CAST(1 AS bit)
          ) AS [t2] ON [t].[ApplicationId] = [t2].[Id]
          LEFT JOIN (
              SELECT [u].[Id], [u].[DepartmentId], [u].[FullName]
              FROM [Users] AS [u]
              WHERE [u].[IsActive] = CAST(1 AS bit)
          ) AS [t3] ON [t].[AssignedToUserId] = [t3].[Id]
          LEFT JOIN [Departments] AS [d] ON [t3].[DepartmentId] = [d].[Id]
          WHERE [t].[Id] = @__id_0
      ) AS [t4]
      LEFT JOIN (
          SELECT [t6].[Id], [t6].[Content], [t6].[IsInternal], CASE
              WHEN [t6].[RequesterId] IS NOT NULL THEN CAST(1 AS bit)
              ELSE CAST(0 AS bit)
          END AS [c], COALESCE([t6].[UserId], 0) AS [c0], CASE
              WHEN [t7].[Id] IS NOT NULL THEN [t7].[FullName]
              WHEN [r0].[Id] IS NOT NULL THEN [r0].[FullName]
              ELSE N'System'
          END AS [c1], [t6].[CreatedAt], [t7].[Id] AS [Id0], [r0].[Id] AS [Id1], [t8].[Id] AS [Id2], [t8].[FileName], [t8].[ContentType], [t8].[FileSize], [t6].[TicketId]
          FROM [TicketMessages] AS [t6]
          LEFT JOIN (
              SELECT [u0].[Id], [u0].[FullName]
              FROM [Users] AS [u0]
              WHERE [u0].[IsActive] = CAST(1 AS bit)
          ) AS [t7] ON [t6].[UserId] = [t7].[Id]
          LEFT JOIN [Requesters] AS [r0] ON [t6].[RequesterId] = [r0].[Id]
          LEFT JOIN [TicketAttachments] AS [t8] ON [t6].[Id] = [t8].[TicketMessageId]
      ) AS [t5] ON [t4].[Id] = [t5].[TicketId]
      LEFT JOIN (
          SELECT [t10].[Id], [t11].[Name] AS [FromStatus], [t12].[Name] AS [ToStatus], COALESCE([t10].[ChangedByUserId], 0) AS [ChangedById], CASE
              WHEN [t13].[Id] IS NOT NULL THEN [t13].[FullName]
              WHEN [r1].[Id] IS NOT NULL THEN [r1].[FullName]
              ELSE N'System'
          END AS [ChangedByName], [t10].[Remarks] AS [Note], [t10].[CreatedAt], [t11].[Id] AS [Id0], [t12].[Id] AS [Id1], [t13].[Id] AS [Id2], [r1].[Id] AS [Id3], [t10].[TicketId]
          FROM [TicketStatusHistory] AS [t10]
          LEFT JOIN (
              SELECT [t14].[Id], [t14].[Name]
              FROM [TicketStatuses] AS [t14]
              WHERE [t14].[IsActive] = CAST(1 AS bit)
          ) AS [t11] ON [t10].[FromStatusId] = [t11].[Id]
          INNER JOIN (
              SELECT [t15].[Id], [t15].[Name]
              FROM [TicketStatuses] AS [t15]
              WHERE [t15].[IsActive] = CAST(1 AS bit)
          ) AS [t12] ON [t10].[ToStatusId] = [t12].[Id]
          LEFT JOIN (
              SELECT [u1].[Id], [u1].[FullName]
              FROM [Users] AS [u1]
              WHERE [u1].[IsActive] = CAST(1 AS bit)
          ) AS [t13] ON [t10].[ChangedByUserId] = [t13].[Id]
          LEFT JOIN [Requesters] AS [r1] ON [t10].[ChangedByRequesterId] = [r1].[Id]
      ) AS [t9] ON [t4].[Id] = [t9].[TicketId]
      LEFT JOIN (
          SELECT [t17].[Id], [t17].[Description], [t18].[FullName] AS [CreatedByName], [t17].[CreatedAt], [t18].[Id] AS [Id0], [t17].[TicketId]
          FROM [TicketCorrectiveActions] AS [t17]
          INNER JOIN (
              SELECT [u2].[Id], [u2].[FullName]
              FROM [Users] AS [u2]
              WHERE [u2].[IsActive] = CAST(1 AS bit)
          ) AS [t18] ON [t17].[PerformedByUserId] = [t18].[Id]
      ) AS [t16] ON [t4].[Id] = [t16].[TicketId]
      ORDER BY [t4].[Id], [t4].[Id0], [t4].[Id1], [t4].[Id2], [t4].[Id3], [t4].[Id4], [t5].[CreatedAt], [t5].[Id], [t5].[Id0], [t5].[Id1], [t5].[Id2], [t9].[CreatedAt], [t9].[Id], [t9].[Id0], [t9].[Id1], [t9].[Id2], [t9].[Id3], [t16].[Id]
info: Microsoft.EntityFrameworkCore.Database.Command[20101]
      Executed DbCommand (12ms) [Parameters=[@__ticketId_0='?' (DbType = Int32)], CommandType='Text', CommandTimeout='30']
      SELECT TOP(1) [t].[Id], [t].[ApplicationId], [t].[AssignedToUserId], [t].[ClosedAt], [t].[CreatedAt], [t].[Description], [t].[Priority], [t].[RequesterId], [t].[ResolvedAt], [t].[SlaBreachedAt], [t].[SlaDeadline], [t].[StatusId], [t].[Subject], [t].[TicketNumber], [t].[UpdatedAt], [r].[Id], [r].[Company], [r].[CreatedAt], [r].[Email], [r].[FullName], [r].[UpdatedAt], [t0].[Id], [t0].[CreatedAt], [t0].[DepartmentId], [t0].[Email], [t0].[EmployeeId], [t0].[FullName], [t0].[IsActive], [t0].[LastLoginAt], [t0].[PasswordHash], [t0].[RefreshToken], [t0].[RefreshTokenExpiry], [t0].[RoleId], [t0].[UpdatedAt]
      FROM [Tickets] AS [t]
      INNER JOIN [Requesters] AS [r] ON [t].[RequesterId] = [r].[Id]
      LEFT JOIN (
          SELECT [u].[Id], [u].[CreatedAt], [u].[DepartmentId], [u].[Email], [u].[EmployeeId], [u].[FullName], [u].[IsActive], [u].[LastLoginAt], [u].[PasswordHash], [u].[RefreshToken], [u].[RefreshTokenExpiry], [u].[RoleId], [u].[UpdatedAt]
          FROM [Users] AS [u]
          WHERE [u].[IsActive] = CAST(1 AS bit)
      ) AS [t0] ON [t].[AssignedToUserId] = [t0].[Id]
      WHERE [t].[Id] = @__ticketId_0
info: Microsoft.EntityFrameworkCore.Database.Command[20101]
      Executed DbCommand (7ms) [Parameters=[@__p_0='?' (DbType = Int32)], CommandType='Text', CommandTimeout='30']
      SELECT TOP(1) [u].[Id], [u].[CreatedAt], [u].[DepartmentId], [u].[Email], [u].[EmployeeId], [u].[FullName], [u].[IsActive], [u].[LastLoginAt], [u].[PasswordHash], [u].[RefreshToken], [u].[RefreshTokenExpiry], [u].[RoleId], [u].[UpdatedAt]
      FROM [Users] AS [u]
      WHERE [u].[IsActive] = CAST(1 AS bit) AND [u].[Id] = @__p_0
info: Microsoft.EntityFrameworkCore.Database.Command[20101]
      Executed DbCommand (8ms) [Parameters=[@p0='?' (Size = 4000), @p1='?' (DbType = DateTime2), @p2='?' (Size = 20), @p3='?' (DbType = Int32), @p4='?' (DbType = Int32), @p5='?' (DbType = Int32), @p7='?' (DbType = Int32), @p6='?' (DbType = DateTime2)], CommandType='Text', CommandTimeout='30']
      SET NOCOUNT ON;
      INSERT INTO [TicketMessages] ([Content], [CreatedAt], [MessageSourceType], [RequesterId], [TicketId], [UserId])
      OUTPUT INSERTED.[Id], INSERTED.[IsInternal]
      VALUES (@p0, @p1, @p2, @p3, @p4, @p5);
      UPDATE [Tickets] SET [UpdatedAt] = @p6
      OUTPUT 1
      WHERE [Id] = @p7;
info: TicketSystem.Api.Services.EmailService[0]
      SMTP reply sent to balajiharshad8@gmail.com with subject [TKT-1056] Re: Issue with Zoho integration module
info: Microsoft.EntityFrameworkCore.Database.Command[20101]
      Executed DbCommand (4ms) [Parameters=[@p0='?' (DbType = DateTime2), @p1='?' (Size = 10), @p2='?' (Size = 255), @p3='?' (DbType = DateTime2), @p4='?' (Size = 255), @p5='?' (DbType = Int32), @p6='?' (Size = 255), @p7='?' (DbType = DateTime2), @p8='?' (Size = 20), @p9='?' (Size = 500), @p10='?' (DbType = Int32), @p11='?' (DbType = Int32)], CommandType='Text', CommandTimeout='30']
      SET IMPLICIT_TRANSACTIONS OFF;
      SET NOCOUNT ON;
      INSERT INTO [EmailMessages] ([CreatedAt], [Direction], [MessageId], [ReceivedAt], [RecipientEmail], [RequesterId], [SenderEmail], [SentAt], [Status], [Subject], [TicketId], [UserId])
      OUTPUT INSERTED.[Id]
      VALUES (@p0, @p1, @p2, @p3, @p4, @p5, @p6, @p7, @p8, @p9, @p10, @p11);
info: Microsoft.EntityFrameworkCore.Database.Command[20101]
      Executed DbCommand (6ms) [Parameters=[@p0='?' (Size = 100), @p1='?' (DbType = DateTime2), @p2='?' (DbType = Int32), @p3='?' (Size = 50), @p4='?' (Size = 50), @p5='?' (Size = 4000), @p6='?' (Size = 4000), @p7='?' (DbType = Int32), @p8='?' (DbType = Int32)], CommandType='Text', CommandTimeout='30']
      SET IMPLICIT_TRANSACTIONS OFF;
      SET NOCOUNT ON;
      INSERT INTO [AuditLogs] ([Action], [CreatedAt], [EntityId], [EntityType], [IpAddress], [NewValues], [OldValues], [RequesterId], [UserId])
      OUTPUT INSERTED.[Id]
      VALUES (@p0, @p1, @p2, @p3, @p4, @p5, @p6, @p7, @p8);
info: TicketSystem.Api.Controllers.EmailController[0]
      Reply sent to balajiharshad8@gmail.com for ticket TKT-1056
